{"uid":"a16dd1151975cc48","name":"test_datalist","fullName":"test_conduit_vizsgaremek.test_conduit.TestConduit#test_datalist","historyId":"6be9d8d59df2a022306b4f60684a7cd3","time":{"start":1682268510928,"stop":1682268539469,"duration":28541},"status":"broken","statusMessage":"selenium.common.exceptions.TimeoutException: Message: \nStacktrace:\n#0 0x5579b9704fe3 <unknown>\n#1 0x5579b9443d36 <unknown>\n#2 0x5579b9480c4d <unknown>\n#3 0x5579b9480d61 <unknown>\n#4 0x5579b94bc6a4 <unknown>\n#5 0x5579b94a18ed <unknown>\n#6 0x5579b94ba232 <unknown>\n#7 0x5579b94a1693 <unknown>\n#8 0x5579b947403a <unknown>\n#9 0x5579b947517e <unknown>\n#10 0x5579b96c6dbd <unknown>\n#11 0x5579b96cac6c <unknown>\n#12 0x5579b96d44b0 <unknown>\n#13 0x5579b96cbd63 <unknown>\n#14 0x5579b969ec35 <unknown>\n#15 0x5579b96ef138 <unknown>\n#16 0x5579b96ef2c7 <unknown>\n#17 0x5579b96fd093 <unknown>\n#18 0x7f884bb2cb43 <unknown>","statusTrace":"self = <test_conduit.TestConduit object at 0x7f38871aad10>\n\n    def test_datalist(self):\n        cookie_function(self.browser)\n>       login_function(self.browser)\n\ntest_conduit_vizsgaremek/test_conduit.py:105: \n_ _ _ _ _ _ _ _ _ _ _ _ _ _ _ _ _ _ _ _ _ _ _ _ _ _ _ _ _ _ _ _ _ _ _ _ _ _ _ _ \ntest_conduit_vizsgaremek/functions.py:27: in login_function\n    menu_logout_btn = WebDriverWait(browser, 25).until(\n_ _ _ _ _ _ _ _ _ _ _ _ _ _ _ _ _ _ _ _ _ _ _ _ _ _ _ _ _ _ _ _ _ _ _ _ _ _ _ _ \n\nself = <selenium.webdriver.support.wait.WebDriverWait (session=\"684e2757a3fb8b5f5a6573af750bab2d\")>\nmethod = <function presence_of_element_located.<locals>._predicate at 0x7f38860a01f0>\nmessage = ''\n\n    def until(self, method, message: str = \"\"):\n        \"\"\"Calls the method provided with the driver as an argument until the \\\n        return value does not evaluate to ``False``.\n    \n        :param method: callable(WebDriver)\n        :param message: optional message for :exc:`TimeoutException`\n        :returns: the result of the last call to `method`\n        :raises: :exc:`selenium.common.exceptions.TimeoutException` if timeout occurs\n        \"\"\"\n        screen = None\n        stacktrace = None\n    \n        end_time = time.monotonic() + self._timeout\n        while True:\n            try:\n                value = method(self._driver)\n                if value:\n                    return value\n            except self._ignored_exceptions as exc:\n                screen = getattr(exc, \"screen\", None)\n                stacktrace = getattr(exc, \"stacktrace\", None)\n            time.sleep(self._poll)\n            if time.monotonic() > end_time:\n                break\n>       raise TimeoutException(message, screen, stacktrace)\nE       selenium.common.exceptions.TimeoutException: Message: \nE       Stacktrace:\nE       #0 0x5579b9704fe3 <unknown>\nE       #1 0x5579b9443d36 <unknown>\nE       #2 0x5579b9480c4d <unknown>\nE       #3 0x5579b9480d61 <unknown>\nE       #4 0x5579b94bc6a4 <unknown>\nE       #5 0x5579b94a18ed <unknown>\nE       #6 0x5579b94ba232 <unknown>\nE       #7 0x5579b94a1693 <unknown>\nE       #8 0x5579b947403a <unknown>\nE       #9 0x5579b947517e <unknown>\nE       #10 0x5579b96c6dbd <unknown>\nE       #11 0x5579b96cac6c <unknown>\nE       #12 0x5579b96d44b0 <unknown>\nE       #13 0x5579b96cbd63 <unknown>\nE       #14 0x5579b969ec35 <unknown>\nE       #15 0x5579b96ef138 <unknown>\nE       #16 0x5579b96ef2c7 <unknown>\nE       #17 0x5579b96fd093 <unknown>\nE       #18 0x7f884bb2cb43 <unknown>\n\n/opt/hostedtoolcache/Python/3.10.11/x64/lib/python3.10/site-packages/selenium/webdriver/support/wait.py:95: TimeoutException","flaky":false,"newFailed":false,"newBroken":false,"newPassed":false,"retriesCount":0,"retriesStatusChange":false,"beforeStages":[{"name":"_xunit_setup_method_fixture_TestConduit","time":{"start":1682268509781,"stop":1682268510927,"duration":1146},"status":"passed","steps":[],"attachments":[],"parameters":[],"stepsCount":0,"attachmentsCount":0,"shouldDisplayMessage":false,"hasContent":false}],"afterStages":[{"name":"_xunit_setup_method_fixture_TestConduit::0","time":{"start":1682268539483,"stop":1682268539541,"duration":58},"status":"passed","steps":[],"attachments":[],"parameters":[],"stepsCount":0,"attachmentsCount":0,"shouldDisplayMessage":false,"hasContent":false}],"labels":[{"name":"parentSuite","value":"test_conduit_vizsgaremek"},{"name":"suite","value":"test_conduit"},{"name":"subSuite","value":"TestConduit"},{"name":"host","value":"fv-az247-370"},{"name":"thread","value":"3156-MainThread"},{"name":"framework","value":"pytest"},{"name":"language","value":"cpython3"},{"name":"package","value":"test_conduit_vizsgaremek.test_conduit"},{"name":"resultFormat","value":"allure2"}],"parameters":[],"links":[],"hidden":false,"retry":false,"extra":{"severity":"normal","retries":[],"categories":[{"name":"Test defects","matchedStatuses":[],"flaky":false}],"tags":[]},"source":"a16dd1151975cc48.json","parameterValues":[]}