{"uid":"b2d35c9df4f1fb7f","name":"test_login","fullName":"test_conduit_vizsgaremek.test_conduit.TestConduit#test_login","historyId":"69c194c39c7369ade38ea68e9974092e","time":{"start":1682268503152,"stop":1682268509667,"duration":6515},"status":"broken","statusMessage":"selenium.common.exceptions.TimeoutException: Message: \nStacktrace:\n#0 0x561775689fe3 <unknown>\n#1 0x5617753c8d36 <unknown>\n#2 0x561775405c4d <unknown>\n#3 0x561775405d61 <unknown>\n#4 0x5617754416a4 <unknown>\n#5 0x5617754268ed <unknown>\n#6 0x56177543f232 <unknown>\n#7 0x561775426693 <unknown>\n#8 0x5617753f903a <unknown>\n#9 0x5617753fa17e <unknown>\n#10 0x56177564bdbd <unknown>\n#11 0x56177564fc6c <unknown>\n#12 0x5617756594b0 <unknown>\n#13 0x561775650d63 <unknown>\n#14 0x561775623c35 <unknown>\n#15 0x561775674138 <unknown>\n#16 0x5617756742c7 <unknown>\n#17 0x561775682093 <unknown>\n#18 0x7f06a93e6b43 <unknown>","statusTrace":"self = <test_conduit.TestConduit object at 0x7f38871aabc0>\n\n    def test_login(self):\n        cookie_function(self.browser)\n    \n        # Bejelentkezés linkre kattintás\n        menu_login_btn = self.browser.find_element(By.LINK_TEXT, 'Sign in')\n        menu_login_btn.click()\n        # time.sleep(1)\n        assert self.browser.current_url == 'http://localhost:1667/#/login'\n    \n        # Tesztadatok beírása a megfelelő helyekre (data_for_imports.py fájlból)\n        email_input = self.browser.find_element(By.XPATH, '//input[@placeholder=\"Email\"]')\n        password_input = self.browser.find_element(By.XPATH, '//input[@type=\"password\"]')\n        sign_in_btn = self.browser.find_element(By.XPATH, '//button[contains(text(), \"Sign in\")]')\n    \n        email_input.send_keys(user_login['email'])\n        password_input.send_keys(user_login['password'])\n        sign_in_btn.click()\n    \n        # Megjelent a belépés utáni felhasználói felületen a logout link?\n>       menu_logout_btn = WebDriverWait(self.browser, 5).until(\n            EC.presence_of_element_located((By.LINK_TEXT, 'Log out')))\n\ntest_conduit_vizsgaremek/test_conduit.py:98: \n_ _ _ _ _ _ _ _ _ _ _ _ _ _ _ _ _ _ _ _ _ _ _ _ _ _ _ _ _ _ _ _ _ _ _ _ _ _ _ _ \n\nself = <selenium.webdriver.support.wait.WebDriverWait (session=\"016dde24c89574c1091c3337e04c558b\")>\nmethod = <function presence_of_element_located.<locals>._predicate at 0x7f38860a04c0>\nmessage = ''\n\n    def until(self, method, message: str = \"\"):\n        \"\"\"Calls the method provided with the driver as an argument until the \\\n        return value does not evaluate to ``False``.\n    \n        :param method: callable(WebDriver)\n        :param message: optional message for :exc:`TimeoutException`\n        :returns: the result of the last call to `method`\n        :raises: :exc:`selenium.common.exceptions.TimeoutException` if timeout occurs\n        \"\"\"\n        screen = None\n        stacktrace = None\n    \n        end_time = time.monotonic() + self._timeout\n        while True:\n            try:\n                value = method(self._driver)\n                if value:\n                    return value\n            except self._ignored_exceptions as exc:\n                screen = getattr(exc, \"screen\", None)\n                stacktrace = getattr(exc, \"stacktrace\", None)\n            time.sleep(self._poll)\n            if time.monotonic() > end_time:\n                break\n>       raise TimeoutException(message, screen, stacktrace)\nE       selenium.common.exceptions.TimeoutException: Message: \nE       Stacktrace:\nE       #0 0x561775689fe3 <unknown>\nE       #1 0x5617753c8d36 <unknown>\nE       #2 0x561775405c4d <unknown>\nE       #3 0x561775405d61 <unknown>\nE       #4 0x5617754416a4 <unknown>\nE       #5 0x5617754268ed <unknown>\nE       #6 0x56177543f232 <unknown>\nE       #7 0x561775426693 <unknown>\nE       #8 0x5617753f903a <unknown>\nE       #9 0x5617753fa17e <unknown>\nE       #10 0x56177564bdbd <unknown>\nE       #11 0x56177564fc6c <unknown>\nE       #12 0x5617756594b0 <unknown>\nE       #13 0x561775650d63 <unknown>\nE       #14 0x561775623c35 <unknown>\nE       #15 0x561775674138 <unknown>\nE       #16 0x5617756742c7 <unknown>\nE       #17 0x561775682093 <unknown>\nE       #18 0x7f06a93e6b43 <unknown>\n\n/opt/hostedtoolcache/Python/3.10.11/x64/lib/python3.10/site-packages/selenium/webdriver/support/wait.py:95: TimeoutException","flaky":false,"newFailed":false,"newBroken":false,"newPassed":false,"retriesCount":0,"retriesStatusChange":false,"beforeStages":[{"name":"_xunit_setup_method_fixture_TestConduit","time":{"start":1682268502004,"stop":1682268503151,"duration":1147},"status":"passed","steps":[],"attachments":[],"parameters":[],"stepsCount":0,"attachmentsCount":0,"shouldDisplayMessage":false,"hasContent":false}],"afterStages":[{"name":"_xunit_setup_method_fixture_TestConduit::0","time":{"start":1682268509719,"stop":1682268509778,"duration":59},"status":"passed","steps":[],"attachments":[],"parameters":[],"stepsCount":0,"attachmentsCount":0,"shouldDisplayMessage":false,"hasContent":false}],"labels":[{"name":"parentSuite","value":"test_conduit_vizsgaremek"},{"name":"suite","value":"test_conduit"},{"name":"subSuite","value":"TestConduit"},{"name":"host","value":"fv-az247-370"},{"name":"thread","value":"3156-MainThread"},{"name":"framework","value":"pytest"},{"name":"language","value":"cpython3"},{"name":"package","value":"test_conduit_vizsgaremek.test_conduit"},{"name":"resultFormat","value":"allure2"}],"parameters":[],"links":[],"hidden":false,"retry":false,"extra":{"severity":"normal","retries":[],"categories":[{"name":"Test defects","matchedStatuses":[],"flaky":false}],"tags":[]},"source":"b2d35c9df4f1fb7f.json","parameterValues":[]}