{"uid":"ddd2055b91b50b75","name":"Új adat bevitel, új cikk","fullName":"test_conduit_vizsgaremek.test_conduit.TestConduit#test_new_data","historyId":"cd12e7984d9e97b54a23333824535114","time":{"start":1682276718964,"stop":1682276742771,"duration":23807},"status":"broken","statusMessage":"selenium.common.exceptions.TimeoutException: Message: \nStacktrace:\n#0 0x562e4c7d4fe3 <unknown>\n#1 0x562e4c513d36 <unknown>\n#2 0x562e4c550c4d <unknown>\n#3 0x562e4c550d61 <unknown>\n#4 0x562e4c58c6a4 <unknown>\n#5 0x562e4c5718ed <unknown>\n#6 0x562e4c58a232 <unknown>\n#7 0x562e4c571693 <unknown>\n#8 0x562e4c54403a <unknown>\n#9 0x562e4c54517e <unknown>\n#10 0x562e4c796dbd <unknown>\n#11 0x562e4c79ac6c <unknown>\n#12 0x562e4c7a44b0 <unknown>\n#13 0x562e4c79bd63 <unknown>\n#14 0x562e4c76ec35 <unknown>\n#15 0x562e4c7bf138 <unknown>\n#16 0x562e4c7bf2c7 <unknown>\n#17 0x562e4c7cd093 <unknown>\n#18 0x7efce052cb43 <unknown>","statusTrace":"self = <test_conduit.TestConduit object at 0x7f6e8e276e00>\n\n    @allure.title('Új adat bevitel, új cikk')\n    def test_new_data(self):\n        cookie_function(self.browser)\n>       login_function(self.browser)\n\ntest_conduit_vizsgaremek/test_conduit.py:154: \n_ _ _ _ _ _ _ _ _ _ _ _ _ _ _ _ _ _ _ _ _ _ _ _ _ _ _ _ _ _ _ _ _ _ _ _ _ _ _ _ \ntest_conduit_vizsgaremek/functions.py:29: in login_function\n    menu_logout_btn = WebDriverWait(browser, 15).until(\n_ _ _ _ _ _ _ _ _ _ _ _ _ _ _ _ _ _ _ _ _ _ _ _ _ _ _ _ _ _ _ _ _ _ _ _ _ _ _ _ \n\nself = <selenium.webdriver.support.wait.WebDriverWait (session=\"2311dfec56d6f49aeae7732cfa1960e9\")>\nmethod = <function presence_of_element_located.<locals>._predicate at 0x7f6e8d218430>\nmessage = ''\n\n    def until(self, method, message: str = \"\"):\n        \"\"\"Calls the method provided with the driver as an argument until the \\\n        return value does not evaluate to ``False``.\n    \n        :param method: callable(WebDriver)\n        :param message: optional message for :exc:`TimeoutException`\n        :returns: the result of the last call to `method`\n        :raises: :exc:`selenium.common.exceptions.TimeoutException` if timeout occurs\n        \"\"\"\n        screen = None\n        stacktrace = None\n    \n        end_time = time.monotonic() + self._timeout\n        while True:\n            try:\n                value = method(self._driver)\n                if value:\n                    return value\n            except self._ignored_exceptions as exc:\n                screen = getattr(exc, \"screen\", None)\n                stacktrace = getattr(exc, \"stacktrace\", None)\n            time.sleep(self._poll)\n            if time.monotonic() > end_time:\n                break\n>       raise TimeoutException(message, screen, stacktrace)\nE       selenium.common.exceptions.TimeoutException: Message: \nE       Stacktrace:\nE       #0 0x562e4c7d4fe3 <unknown>\nE       #1 0x562e4c513d36 <unknown>\nE       #2 0x562e4c550c4d <unknown>\nE       #3 0x562e4c550d61 <unknown>\nE       #4 0x562e4c58c6a4 <unknown>\nE       #5 0x562e4c5718ed <unknown>\nE       #6 0x562e4c58a232 <unknown>\nE       #7 0x562e4c571693 <unknown>\nE       #8 0x562e4c54403a <unknown>\nE       #9 0x562e4c54517e <unknown>\nE       #10 0x562e4c796dbd <unknown>\nE       #11 0x562e4c79ac6c <unknown>\nE       #12 0x562e4c7a44b0 <unknown>\nE       #13 0x562e4c79bd63 <unknown>\nE       #14 0x562e4c76ec35 <unknown>\nE       #15 0x562e4c7bf138 <unknown>\nE       #16 0x562e4c7bf2c7 <unknown>\nE       #17 0x562e4c7cd093 <unknown>\nE       #18 0x7efce052cb43 <unknown>\n\n/opt/hostedtoolcache/Python/3.10.11/x64/lib/python3.10/site-packages/selenium/webdriver/support/wait.py:95: TimeoutException","flaky":false,"newFailed":false,"newBroken":false,"newPassed":false,"retriesCount":0,"retriesStatusChange":false,"beforeStages":[{"name":"_xunit_setup_method_fixture_TestConduit","time":{"start":1682276715863,"stop":1682276718963,"duration":3100},"status":"passed","steps":[],"attachments":[],"parameters":[],"stepsCount":0,"attachmentsCount":0,"shouldDisplayMessage":false,"hasContent":false}],"afterStages":[{"name":"_xunit_setup_method_fixture_TestConduit::0","time":{"start":1682276742785,"stop":1682276742844,"duration":59},"status":"passed","steps":[],"attachments":[],"parameters":[],"stepsCount":0,"attachmentsCount":0,"shouldDisplayMessage":false,"hasContent":false}],"labels":[{"name":"parentSuite","value":"test_conduit_vizsgaremek"},{"name":"suite","value":"test_conduit"},{"name":"subSuite","value":"TestConduit"},{"name":"host","value":"fv-az257-301"},{"name":"thread","value":"3137-MainThread"},{"name":"framework","value":"pytest"},{"name":"language","value":"cpython3"},{"name":"package","value":"test_conduit_vizsgaremek.test_conduit"},{"name":"resultFormat","value":"allure2"}],"parameters":[],"links":[],"hidden":false,"retry":false,"extra":{"severity":"normal","retries":[],"categories":[{"name":"Test defects","matchedStatuses":[],"flaky":false}],"tags":[]},"source":"ddd2055b91b50b75.json","parameterValues":[]}