{"uid":"3a6d529ae422190a","name":"test_collect_data","fullName":"test_conduit_vizsgaremek.test_conduit.TestConduit#test_collect_data","historyId":"24c8ffb8f727e94588c3752722dd7764","time":{"start":1682266050480,"stop":1682266058889,"duration":8409},"status":"broken","statusMessage":"selenium.common.exceptions.TimeoutException: Message: \nStacktrace:\n#0 0x561a777fffe3 <unknown>\n#1 0x561a7753ed36 <unknown>\n#2 0x561a7757bc4d <unknown>\n#3 0x561a7757bd61 <unknown>\n#4 0x561a775b76a4 <unknown>\n#5 0x561a7759c8ed <unknown>\n#6 0x561a775b5232 <unknown>\n#7 0x561a7759c693 <unknown>\n#8 0x561a7756f03a <unknown>\n#9 0x561a7757017e <unknown>\n#10 0x561a777c1dbd <unknown>\n#11 0x561a777c5c6c <unknown>\n#12 0x561a777cf4b0 <unknown>\n#13 0x561a777c6d63 <unknown>\n#14 0x561a77799c35 <unknown>\n#15 0x561a777ea138 <unknown>\n#16 0x561a777ea2c7 <unknown>\n#17 0x561a777f8093 <unknown>\n#18 0x7f72a69e1b43 <unknown>","statusTrace":"self = <test_conduit.TestConduit object at 0x7fc8c7acf310>\n\n    def test_collect_data(self):\n        cookie_function(self.browser)\n>       login_function(self.browser)\n\ntest_conduit_vizsgaremek/test_conduit.py:277: \n_ _ _ _ _ _ _ _ _ _ _ _ _ _ _ _ _ _ _ _ _ _ _ _ _ _ _ _ _ _ _ _ _ _ _ _ _ _ _ _ \ntest_conduit_vizsgaremek/functions.py:29: in login_function\n    menu_logout_btn = WebDriverWait(browser, 5).until(\n_ _ _ _ _ _ _ _ _ _ _ _ _ _ _ _ _ _ _ _ _ _ _ _ _ _ _ _ _ _ _ _ _ _ _ _ _ _ _ _ \n\nself = <selenium.webdriver.support.wait.WebDriverWait (session=\"2a39bce01337d17269d6646bb1222f51\")>\nmethod = <function presence_of_element_located.<locals>._predicate at 0x7fc8c6a59360>\nmessage = ''\n\n    def until(self, method, message: str = \"\"):\n        \"\"\"Calls the method provided with the driver as an argument until the \\\n        return value does not evaluate to ``False``.\n    \n        :param method: callable(WebDriver)\n        :param message: optional message for :exc:`TimeoutException`\n        :returns: the result of the last call to `method`\n        :raises: :exc:`selenium.common.exceptions.TimeoutException` if timeout occurs\n        \"\"\"\n        screen = None\n        stacktrace = None\n    \n        end_time = time.monotonic() + self._timeout\n        while True:\n            try:\n                value = method(self._driver)\n                if value:\n                    return value\n            except self._ignored_exceptions as exc:\n                screen = getattr(exc, \"screen\", None)\n                stacktrace = getattr(exc, \"stacktrace\", None)\n            time.sleep(self._poll)\n            if time.monotonic() > end_time:\n                break\n>       raise TimeoutException(message, screen, stacktrace)\nE       selenium.common.exceptions.TimeoutException: Message: \nE       Stacktrace:\nE       #0 0x561a777fffe3 <unknown>\nE       #1 0x561a7753ed36 <unknown>\nE       #2 0x561a7757bc4d <unknown>\nE       #3 0x561a7757bd61 <unknown>\nE       #4 0x561a775b76a4 <unknown>\nE       #5 0x561a7759c8ed <unknown>\nE       #6 0x561a775b5232 <unknown>\nE       #7 0x561a7759c693 <unknown>\nE       #8 0x561a7756f03a <unknown>\nE       #9 0x561a7757017e <unknown>\nE       #10 0x561a777c1dbd <unknown>\nE       #11 0x561a777c5c6c <unknown>\nE       #12 0x561a777cf4b0 <unknown>\nE       #13 0x561a777c6d63 <unknown>\nE       #14 0x561a77799c35 <unknown>\nE       #15 0x561a777ea138 <unknown>\nE       #16 0x561a777ea2c7 <unknown>\nE       #17 0x561a777f8093 <unknown>\nE       #18 0x7f72a69e1b43 <unknown>\n\n/opt/hostedtoolcache/Python/3.10.11/x64/lib/python3.10/site-packages/selenium/webdriver/support/wait.py:95: TimeoutException","flaky":false,"newFailed":false,"newBroken":false,"newPassed":false,"retriesCount":0,"retriesStatusChange":false,"beforeStages":[{"name":"_xunit_setup_method_fixture_TestConduit","time":{"start":1682266049398,"stop":1682266050479,"duration":1081},"status":"passed","steps":[],"attachments":[],"parameters":[],"stepsCount":0,"attachmentsCount":0,"shouldDisplayMessage":false,"hasContent":false}],"afterStages":[{"name":"_xunit_setup_method_fixture_TestConduit::0","time":{"start":1682266058901,"stop":1682266058958,"duration":57},"status":"passed","steps":[],"attachments":[],"parameters":[],"stepsCount":0,"attachmentsCount":0,"shouldDisplayMessage":false,"hasContent":false}],"labels":[{"name":"parentSuite","value":"test_conduit_vizsgaremek"},{"name":"suite","value":"test_conduit"},{"name":"subSuite","value":"TestConduit"},{"name":"host","value":"fv-az344-400"},{"name":"thread","value":"3059-MainThread"},{"name":"framework","value":"pytest"},{"name":"language","value":"cpython3"},{"name":"package","value":"test_conduit_vizsgaremek.test_conduit"},{"name":"resultFormat","value":"allure2"}],"parameters":[],"links":[],"hidden":false,"retry":false,"extra":{"severity":"normal","retries":[],"categories":[{"name":"Test defects","matchedStatuses":[],"flaky":false}],"tags":[]},"source":"3a6d529ae422190a.json","parameterValues":[]}