{"uid":"ca6682909c2a0e22","name":"test_list_walkthrough","fullName":"test_conduit_vizsgaremek.test_conduit.TestConduit#test_list_walkthrough","historyId":"8e01040e32fd5cdb1f3029a341564d85","time":{"start":1682266002568,"stop":1682266010977,"duration":8409},"status":"broken","statusMessage":"selenium.common.exceptions.TimeoutException: Message: \nStacktrace:\n#0 0x561b825d3fe3 <unknown>\n#1 0x561b82312d36 <unknown>\n#2 0x561b8234fc4d <unknown>\n#3 0x561b8234fd61 <unknown>\n#4 0x561b8238b6a4 <unknown>\n#5 0x561b823708ed <unknown>\n#6 0x561b82389232 <unknown>\n#7 0x561b82370693 <unknown>\n#8 0x561b8234303a <unknown>\n#9 0x561b8234417e <unknown>\n#10 0x561b82595dbd <unknown>\n#11 0x561b82599c6c <unknown>\n#12 0x561b825a34b0 <unknown>\n#13 0x561b8259ad63 <unknown>\n#14 0x561b8256dc35 <unknown>\n#15 0x561b825be138 <unknown>\n#16 0x561b825be2c7 <unknown>\n#17 0x561b825cc093 <unknown>\n#18 0x7f6b45fcab43 <unknown>","statusTrace":"self = <test_conduit.TestConduit object at 0x7fc8c7acec80>\n\n    def test_list_walkthrough(self):\n        cookie_function(self.browser)\n>       login_function(self.browser)\n\ntest_conduit_vizsgaremek/test_conduit.py:121: \n_ _ _ _ _ _ _ _ _ _ _ _ _ _ _ _ _ _ _ _ _ _ _ _ _ _ _ _ _ _ _ _ _ _ _ _ _ _ _ _ \ntest_conduit_vizsgaremek/functions.py:29: in login_function\n    menu_logout_btn = WebDriverWait(browser, 5).until(\n_ _ _ _ _ _ _ _ _ _ _ _ _ _ _ _ _ _ _ _ _ _ _ _ _ _ _ _ _ _ _ _ _ _ _ _ _ _ _ _ \n\nself = <selenium.webdriver.support.wait.WebDriverWait (session=\"63d04c9f413173cbd298b9afcc2f68e9\")>\nmethod = <function presence_of_element_located.<locals>._predicate at 0x7fc8c6a58310>\nmessage = ''\n\n    def until(self, method, message: str = \"\"):\n        \"\"\"Calls the method provided with the driver as an argument until the \\\n        return value does not evaluate to ``False``.\n    \n        :param method: callable(WebDriver)\n        :param message: optional message for :exc:`TimeoutException`\n        :returns: the result of the last call to `method`\n        :raises: :exc:`selenium.common.exceptions.TimeoutException` if timeout occurs\n        \"\"\"\n        screen = None\n        stacktrace = None\n    \n        end_time = time.monotonic() + self._timeout\n        while True:\n            try:\n                value = method(self._driver)\n                if value:\n                    return value\n            except self._ignored_exceptions as exc:\n                screen = getattr(exc, \"screen\", None)\n                stacktrace = getattr(exc, \"stacktrace\", None)\n            time.sleep(self._poll)\n            if time.monotonic() > end_time:\n                break\n>       raise TimeoutException(message, screen, stacktrace)\nE       selenium.common.exceptions.TimeoutException: Message: \nE       Stacktrace:\nE       #0 0x561b825d3fe3 <unknown>\nE       #1 0x561b82312d36 <unknown>\nE       #2 0x561b8234fc4d <unknown>\nE       #3 0x561b8234fd61 <unknown>\nE       #4 0x561b8238b6a4 <unknown>\nE       #5 0x561b823708ed <unknown>\nE       #6 0x561b82389232 <unknown>\nE       #7 0x561b82370693 <unknown>\nE       #8 0x561b8234303a <unknown>\nE       #9 0x561b8234417e <unknown>\nE       #10 0x561b82595dbd <unknown>\nE       #11 0x561b82599c6c <unknown>\nE       #12 0x561b825a34b0 <unknown>\nE       #13 0x561b8259ad63 <unknown>\nE       #14 0x561b8256dc35 <unknown>\nE       #15 0x561b825be138 <unknown>\nE       #16 0x561b825be2c7 <unknown>\nE       #17 0x561b825cc093 <unknown>\nE       #18 0x7f6b45fcab43 <unknown>\n\n/opt/hostedtoolcache/Python/3.10.11/x64/lib/python3.10/site-packages/selenium/webdriver/support/wait.py:95: TimeoutException","flaky":false,"newFailed":false,"newBroken":false,"newPassed":false,"retriesCount":0,"retriesStatusChange":false,"beforeStages":[{"name":"_xunit_setup_method_fixture_TestConduit","time":{"start":1682266001464,"stop":1682266002568,"duration":1104},"status":"passed","steps":[],"attachments":[],"parameters":[],"stepsCount":0,"attachmentsCount":0,"shouldDisplayMessage":false,"hasContent":false}],"afterStages":[{"name":"_xunit_setup_method_fixture_TestConduit::0","time":{"start":1682266010988,"stop":1682266011044,"duration":56},"status":"passed","steps":[],"attachments":[],"parameters":[],"stepsCount":0,"attachmentsCount":0,"shouldDisplayMessage":false,"hasContent":false}],"labels":[{"name":"parentSuite","value":"test_conduit_vizsgaremek"},{"name":"suite","value":"test_conduit"},{"name":"subSuite","value":"TestConduit"},{"name":"host","value":"fv-az344-400"},{"name":"thread","value":"3059-MainThread"},{"name":"framework","value":"pytest"},{"name":"language","value":"cpython3"},{"name":"package","value":"test_conduit_vizsgaremek.test_conduit"},{"name":"resultFormat","value":"allure2"}],"parameters":[],"links":[],"hidden":false,"retry":false,"extra":{"severity":"normal","retries":[],"categories":[{"name":"Test defects","matchedStatuses":[],"flaky":false}],"tags":[]},"source":"ca6682909c2a0e22.json","parameterValues":[]}