{"uid":"fe605e1688afe475","name":"test_new_data","fullName":"test_conduit_vizsgaremek.test_conduit.TestConduit#test_new_data","historyId":"cd12e7984d9e97b54a23333824535114","time":{"start":1682266012139,"stop":1682266020560,"duration":8421},"status":"broken","statusMessage":"selenium.common.exceptions.TimeoutException: Message: \nStacktrace:\n#0 0x561719021fe3 <unknown>\n#1 0x561718d60d36 <unknown>\n#2 0x561718d9dc4d <unknown>\n#3 0x561718d9dd61 <unknown>\n#4 0x561718dd96a4 <unknown>\n#5 0x561718dbe8ed <unknown>\n#6 0x561718dd7232 <unknown>\n#7 0x561718dbe693 <unknown>\n#8 0x561718d9103a <unknown>\n#9 0x561718d9217e <unknown>\n#10 0x561718fe3dbd <unknown>\n#11 0x561718fe7c6c <unknown>\n#12 0x561718ff14b0 <unknown>\n#13 0x561718fe8d63 <unknown>\n#14 0x561718fbbc35 <unknown>\n#15 0x56171900c138 <unknown>\n#16 0x56171900c2c7 <unknown>\n#17 0x56171901a093 <unknown>\n#18 0x7fe963987b43 <unknown>","statusTrace":"self = <test_conduit.TestConduit object at 0x7fc8c7acf5b0>\n\n    def test_new_data(self):\n        cookie_function(self.browser)\n>       login_function(self.browser)\n\ntest_conduit_vizsgaremek/test_conduit.py:140: \n_ _ _ _ _ _ _ _ _ _ _ _ _ _ _ _ _ _ _ _ _ _ _ _ _ _ _ _ _ _ _ _ _ _ _ _ _ _ _ _ \ntest_conduit_vizsgaremek/functions.py:29: in login_function\n    menu_logout_btn = WebDriverWait(browser, 5).until(\n_ _ _ _ _ _ _ _ _ _ _ _ _ _ _ _ _ _ _ _ _ _ _ _ _ _ _ _ _ _ _ _ _ _ _ _ _ _ _ _ \n\nself = <selenium.webdriver.support.wait.WebDriverWait (session=\"35cc7dd81d5f423560abf548ff25db71\")>\nmethod = <function presence_of_element_located.<locals>._predicate at 0x7fc8c6a580d0>\nmessage = ''\n\n    def until(self, method, message: str = \"\"):\n        \"\"\"Calls the method provided with the driver as an argument until the \\\n        return value does not evaluate to ``False``.\n    \n        :param method: callable(WebDriver)\n        :param message: optional message for :exc:`TimeoutException`\n        :returns: the result of the last call to `method`\n        :raises: :exc:`selenium.common.exceptions.TimeoutException` if timeout occurs\n        \"\"\"\n        screen = None\n        stacktrace = None\n    \n        end_time = time.monotonic() + self._timeout\n        while True:\n            try:\n                value = method(self._driver)\n                if value:\n                    return value\n            except self._ignored_exceptions as exc:\n                screen = getattr(exc, \"screen\", None)\n                stacktrace = getattr(exc, \"stacktrace\", None)\n            time.sleep(self._poll)\n            if time.monotonic() > end_time:\n                break\n>       raise TimeoutException(message, screen, stacktrace)\nE       selenium.common.exceptions.TimeoutException: Message: \nE       Stacktrace:\nE       #0 0x561719021fe3 <unknown>\nE       #1 0x561718d60d36 <unknown>\nE       #2 0x561718d9dc4d <unknown>\nE       #3 0x561718d9dd61 <unknown>\nE       #4 0x561718dd96a4 <unknown>\nE       #5 0x561718dbe8ed <unknown>\nE       #6 0x561718dd7232 <unknown>\nE       #7 0x561718dbe693 <unknown>\nE       #8 0x561718d9103a <unknown>\nE       #9 0x561718d9217e <unknown>\nE       #10 0x561718fe3dbd <unknown>\nE       #11 0x561718fe7c6c <unknown>\nE       #12 0x561718ff14b0 <unknown>\nE       #13 0x561718fe8d63 <unknown>\nE       #14 0x561718fbbc35 <unknown>\nE       #15 0x56171900c138 <unknown>\nE       #16 0x56171900c2c7 <unknown>\nE       #17 0x56171901a093 <unknown>\nE       #18 0x7fe963987b43 <unknown>\n\n/opt/hostedtoolcache/Python/3.10.11/x64/lib/python3.10/site-packages/selenium/webdriver/support/wait.py:95: TimeoutException","flaky":false,"newFailed":false,"newBroken":false,"newPassed":false,"retriesCount":0,"retriesStatusChange":false,"beforeStages":[{"name":"_xunit_setup_method_fixture_TestConduit","time":{"start":1682266011046,"stop":1682266012138,"duration":1092},"status":"passed","steps":[],"attachments":[],"parameters":[],"stepsCount":0,"attachmentsCount":0,"shouldDisplayMessage":false,"hasContent":false}],"afterStages":[{"name":"_xunit_setup_method_fixture_TestConduit::0","time":{"start":1682266020572,"stop":1682266020628,"duration":56},"status":"passed","steps":[],"attachments":[],"parameters":[],"stepsCount":0,"attachmentsCount":0,"shouldDisplayMessage":false,"hasContent":false}],"labels":[{"name":"parentSuite","value":"test_conduit_vizsgaremek"},{"name":"suite","value":"test_conduit"},{"name":"subSuite","value":"TestConduit"},{"name":"host","value":"fv-az344-400"},{"name":"thread","value":"3059-MainThread"},{"name":"framework","value":"pytest"},{"name":"language","value":"cpython3"},{"name":"package","value":"test_conduit_vizsgaremek.test_conduit"},{"name":"resultFormat","value":"allure2"}],"parameters":[],"links":[],"hidden":false,"retry":false,"extra":{"severity":"normal","retries":[],"categories":[{"name":"Test defects","matchedStatuses":[],"flaky":false}],"tags":[]},"source":"fe605e1688afe475.json","parameterValues":[]}