{"uid":"224be099a748025e","name":"test_list_walkthrough","fullName":"test_conduit_vizsgaremek.test_conduit.TestConduit#test_list_walkthrough","historyId":"8e01040e32fd5cdb1f3029a341564d85","time":{"start":1682266906541,"stop":1682266914965,"duration":8424},"status":"broken","statusMessage":"selenium.common.exceptions.TimeoutException: Message: \nStacktrace:\n#0 0x563a0604dfe3 <unknown>\n#1 0x563a05d8cd36 <unknown>\n#2 0x563a05dc9c4d <unknown>\n#3 0x563a05dc9d61 <unknown>\n#4 0x563a05e056a4 <unknown>\n#5 0x563a05dea8ed <unknown>\n#6 0x563a05e03232 <unknown>\n#7 0x563a05dea693 <unknown>\n#8 0x563a05dbd03a <unknown>\n#9 0x563a05dbe17e <unknown>\n#10 0x563a0600fdbd <unknown>\n#11 0x563a06013c6c <unknown>\n#12 0x563a0601d4b0 <unknown>\n#13 0x563a06014d63 <unknown>\n#14 0x563a05fe7c35 <unknown>\n#15 0x563a06038138 <unknown>\n#16 0x563a060382c7 <unknown>\n#17 0x563a06046093 <unknown>\n#18 0x7f277ce26b43 <unknown>","statusTrace":"self = <test_conduit.TestConduit object at 0x7fa473c96e30>\n\n    def test_list_walkthrough(self):\n        cookie_function(self.browser)\n>       login_function(self.browser)\n\ntest_conduit_vizsgaremek/test_conduit.py:120: \n_ _ _ _ _ _ _ _ _ _ _ _ _ _ _ _ _ _ _ _ _ _ _ _ _ _ _ _ _ _ _ _ _ _ _ _ _ _ _ _ \ntest_conduit_vizsgaremek/functions.py:27: in login_function\n    menu_logout_btn = WebDriverWait(browser, 5).until(\n_ _ _ _ _ _ _ _ _ _ _ _ _ _ _ _ _ _ _ _ _ _ _ _ _ _ _ _ _ _ _ _ _ _ _ _ _ _ _ _ \n\nself = <selenium.webdriver.support.wait.WebDriverWait (session=\"ff57f3130a267d5cdddfae23798210c3\")>\nmethod = <function presence_of_element_located.<locals>._predicate at 0x7fa472c24160>\nmessage = ''\n\n    def until(self, method, message: str = \"\"):\n        \"\"\"Calls the method provided with the driver as an argument until the \\\n        return value does not evaluate to ``False``.\n    \n        :param method: callable(WebDriver)\n        :param message: optional message for :exc:`TimeoutException`\n        :returns: the result of the last call to `method`\n        :raises: :exc:`selenium.common.exceptions.TimeoutException` if timeout occurs\n        \"\"\"\n        screen = None\n        stacktrace = None\n    \n        end_time = time.monotonic() + self._timeout\n        while True:\n            try:\n                value = method(self._driver)\n                if value:\n                    return value\n            except self._ignored_exceptions as exc:\n                screen = getattr(exc, \"screen\", None)\n                stacktrace = getattr(exc, \"stacktrace\", None)\n            time.sleep(self._poll)\n            if time.monotonic() > end_time:\n                break\n>       raise TimeoutException(message, screen, stacktrace)\nE       selenium.common.exceptions.TimeoutException: Message: \nE       Stacktrace:\nE       #0 0x563a0604dfe3 <unknown>\nE       #1 0x563a05d8cd36 <unknown>\nE       #2 0x563a05dc9c4d <unknown>\nE       #3 0x563a05dc9d61 <unknown>\nE       #4 0x563a05e056a4 <unknown>\nE       #5 0x563a05dea8ed <unknown>\nE       #6 0x563a05e03232 <unknown>\nE       #7 0x563a05dea693 <unknown>\nE       #8 0x563a05dbd03a <unknown>\nE       #9 0x563a05dbe17e <unknown>\nE       #10 0x563a0600fdbd <unknown>\nE       #11 0x563a06013c6c <unknown>\nE       #12 0x563a0601d4b0 <unknown>\nE       #13 0x563a06014d63 <unknown>\nE       #14 0x563a05fe7c35 <unknown>\nE       #15 0x563a06038138 <unknown>\nE       #16 0x563a060382c7 <unknown>\nE       #17 0x563a06046093 <unknown>\nE       #18 0x7f277ce26b43 <unknown>\n\n/opt/hostedtoolcache/Python/3.10.11/x64/lib/python3.10/site-packages/selenium/webdriver/support/wait.py:95: TimeoutException","flaky":false,"newFailed":false,"newBroken":false,"newPassed":false,"retriesCount":0,"retriesStatusChange":false,"beforeStages":[{"name":"_xunit_setup_method_fixture_TestConduit","time":{"start":1682266905550,"stop":1682266906540,"duration":990},"status":"passed","steps":[],"attachments":[],"parameters":[],"stepsCount":0,"attachmentsCount":0,"shouldDisplayMessage":false,"hasContent":false}],"afterStages":[{"name":"_xunit_setup_method_fixture_TestConduit::0","time":{"start":1682266914976,"stop":1682266915035,"duration":59},"status":"passed","steps":[],"attachments":[],"parameters":[],"stepsCount":0,"attachmentsCount":0,"shouldDisplayMessage":false,"hasContent":false}],"labels":[{"name":"parentSuite","value":"test_conduit_vizsgaremek"},{"name":"suite","value":"test_conduit"},{"name":"subSuite","value":"TestConduit"},{"name":"host","value":"fv-az590-805"},{"name":"thread","value":"3063-MainThread"},{"name":"framework","value":"pytest"},{"name":"language","value":"cpython3"},{"name":"package","value":"test_conduit_vizsgaremek.test_conduit"},{"name":"resultFormat","value":"allure2"}],"parameters":[],"links":[],"hidden":false,"retry":false,"extra":{"severity":"normal","retries":[],"categories":[{"name":"Test defects","matchedStatuses":[],"flaky":false}],"tags":[]},"source":"224be099a748025e.json","parameterValues":[]}