{"uid":"3ff8262e292dc906","name":"test_repeated_data_from_file","fullName":"test_conduit_vizsgaremek.test_conduit.TestConduit#test_repeated_data_from_file","historyId":"2cc0497b23f541eb808a737692061b57","time":{"start":1682266925550,"stop":1682266933970,"duration":8420},"status":"broken","statusMessage":"selenium.common.exceptions.TimeoutException: Message: \nStacktrace:\n#0 0x55d824fc2fe3 <unknown>\n#1 0x55d824d01d36 <unknown>\n#2 0x55d824d3ec4d <unknown>\n#3 0x55d824d3ed61 <unknown>\n#4 0x55d824d7a6a4 <unknown>\n#5 0x55d824d5f8ed <unknown>\n#6 0x55d824d78232 <unknown>\n#7 0x55d824d5f693 <unknown>\n#8 0x55d824d3203a <unknown>\n#9 0x55d824d3317e <unknown>\n#10 0x55d824f84dbd <unknown>\n#11 0x55d824f88c6c <unknown>\n#12 0x55d824f924b0 <unknown>\n#13 0x55d824f89d63 <unknown>\n#14 0x55d824f5cc35 <unknown>\n#15 0x55d824fad138 <unknown>\n#16 0x55d824fad2c7 <unknown>\n#17 0x55d824fbb093 <unknown>\n#18 0x7f3d3c920b43 <unknown>","statusTrace":"self = <test_conduit.TestConduit object at 0x7fa473c96f50>\n\n    def test_repeated_data_from_file(self):\n        cookie_function(self.browser)\n>       login_function(self.browser)\n\ntest_conduit_vizsgaremek/test_conduit.py:171: \n_ _ _ _ _ _ _ _ _ _ _ _ _ _ _ _ _ _ _ _ _ _ _ _ _ _ _ _ _ _ _ _ _ _ _ _ _ _ _ _ \ntest_conduit_vizsgaremek/functions.py:27: in login_function\n    menu_logout_btn = WebDriverWait(browser, 5).until(\n_ _ _ _ _ _ _ _ _ _ _ _ _ _ _ _ _ _ _ _ _ _ _ _ _ _ _ _ _ _ _ _ _ _ _ _ _ _ _ _ \n\nself = <selenium.webdriver.support.wait.WebDriverWait (session=\"e777928c2d2715e773b68a17f8bf6704\")>\nmethod = <function presence_of_element_located.<locals>._predicate at 0x7fa472c24790>\nmessage = ''\n\n    def until(self, method, message: str = \"\"):\n        \"\"\"Calls the method provided with the driver as an argument until the \\\n        return value does not evaluate to ``False``.\n    \n        :param method: callable(WebDriver)\n        :param message: optional message for :exc:`TimeoutException`\n        :returns: the result of the last call to `method`\n        :raises: :exc:`selenium.common.exceptions.TimeoutException` if timeout occurs\n        \"\"\"\n        screen = None\n        stacktrace = None\n    \n        end_time = time.monotonic() + self._timeout\n        while True:\n            try:\n                value = method(self._driver)\n                if value:\n                    return value\n            except self._ignored_exceptions as exc:\n                screen = getattr(exc, \"screen\", None)\n                stacktrace = getattr(exc, \"stacktrace\", None)\n            time.sleep(self._poll)\n            if time.monotonic() > end_time:\n                break\n>       raise TimeoutException(message, screen, stacktrace)\nE       selenium.common.exceptions.TimeoutException: Message: \nE       Stacktrace:\nE       #0 0x55d824fc2fe3 <unknown>\nE       #1 0x55d824d01d36 <unknown>\nE       #2 0x55d824d3ec4d <unknown>\nE       #3 0x55d824d3ed61 <unknown>\nE       #4 0x55d824d7a6a4 <unknown>\nE       #5 0x55d824d5f8ed <unknown>\nE       #6 0x55d824d78232 <unknown>\nE       #7 0x55d824d5f693 <unknown>\nE       #8 0x55d824d3203a <unknown>\nE       #9 0x55d824d3317e <unknown>\nE       #10 0x55d824f84dbd <unknown>\nE       #11 0x55d824f88c6c <unknown>\nE       #12 0x55d824f924b0 <unknown>\nE       #13 0x55d824f89d63 <unknown>\nE       #14 0x55d824f5cc35 <unknown>\nE       #15 0x55d824fad138 <unknown>\nE       #16 0x55d824fad2c7 <unknown>\nE       #17 0x55d824fbb093 <unknown>\nE       #18 0x7f3d3c920b43 <unknown>\n\n/opt/hostedtoolcache/Python/3.10.11/x64/lib/python3.10/site-packages/selenium/webdriver/support/wait.py:95: TimeoutException","flaky":false,"newFailed":false,"newBroken":false,"newPassed":false,"retriesCount":0,"retriesStatusChange":false,"beforeStages":[{"name":"_xunit_setup_method_fixture_TestConduit","time":{"start":1682266924537,"stop":1682266925550,"duration":1013},"status":"passed","steps":[],"attachments":[],"parameters":[],"stepsCount":0,"attachmentsCount":0,"shouldDisplayMessage":false,"hasContent":false}],"afterStages":[{"name":"_xunit_setup_method_fixture_TestConduit::0","time":{"start":1682266933981,"stop":1682266934040,"duration":59},"status":"passed","steps":[],"attachments":[],"parameters":[],"stepsCount":0,"attachmentsCount":0,"shouldDisplayMessage":false,"hasContent":false}],"labels":[{"name":"parentSuite","value":"test_conduit_vizsgaremek"},{"name":"suite","value":"test_conduit"},{"name":"subSuite","value":"TestConduit"},{"name":"host","value":"fv-az590-805"},{"name":"thread","value":"3063-MainThread"},{"name":"framework","value":"pytest"},{"name":"language","value":"cpython3"},{"name":"package","value":"test_conduit_vizsgaremek.test_conduit"},{"name":"resultFormat","value":"allure2"}],"parameters":[],"links":[],"hidden":false,"retry":false,"extra":{"severity":"normal","retries":[],"categories":[{"name":"Test defects","matchedStatuses":[],"flaky":false}],"tags":[]},"source":"3ff8262e292dc906.json","parameterValues":[]}