{"uid":"5f7fc27d76bcfb14","name":"test_delete_article","fullName":"test_conduit_vizsgaremek.test_conduit.TestConduit#test_delete_article","historyId":"fdd1525100bfeac1bf36c131d5b9f33e","time":{"start":1682266944524,"stop":1682266952937,"duration":8413},"status":"broken","statusMessage":"selenium.common.exceptions.TimeoutException: Message: \nStacktrace:\n#0 0x5637b56a9fe3 <unknown>\n#1 0x5637b53e8d36 <unknown>\n#2 0x5637b5425c4d <unknown>\n#3 0x5637b5425d61 <unknown>\n#4 0x5637b54616a4 <unknown>\n#5 0x5637b54468ed <unknown>\n#6 0x5637b545f232 <unknown>\n#7 0x5637b5446693 <unknown>\n#8 0x5637b541903a <unknown>\n#9 0x5637b541a17e <unknown>\n#10 0x5637b566bdbd <unknown>\n#11 0x5637b566fc6c <unknown>\n#12 0x5637b56794b0 <unknown>\n#13 0x5637b5670d63 <unknown>\n#14 0x5637b5643c35 <unknown>\n#15 0x5637b5694138 <unknown>\n#16 0x5637b56942c7 <unknown>\n#17 0x5637b56a2093 <unknown>\n#18 0x7f0659461b43 <unknown>","statusTrace":"self = <test_conduit.TestConduit object at 0x7fa473c971f0>\n\n    def test_delete_article(self):\n    \n        # Bejelentkezés, új bejegyzés létrehozása (data_for_imports.py fájlból)\n        cookie_function(self.browser)\n>       login_function(self.browser)\n\ntest_conduit_vizsgaremek/test_conduit.py:249: \n_ _ _ _ _ _ _ _ _ _ _ _ _ _ _ _ _ _ _ _ _ _ _ _ _ _ _ _ _ _ _ _ _ _ _ _ _ _ _ _ \ntest_conduit_vizsgaremek/functions.py:27: in login_function\n    menu_logout_btn = WebDriverWait(browser, 5).until(\n_ _ _ _ _ _ _ _ _ _ _ _ _ _ _ _ _ _ _ _ _ _ _ _ _ _ _ _ _ _ _ _ _ _ _ _ _ _ _ _ \n\nself = <selenium.webdriver.support.wait.WebDriverWait (session=\"8263eb550ce93a1fd5c68e2413acdcf4\")>\nmethod = <function presence_of_element_located.<locals>._predicate at 0x7fa47457a3b0>\nmessage = ''\n\n    def until(self, method, message: str = \"\"):\n        \"\"\"Calls the method provided with the driver as an argument until the \\\n        return value does not evaluate to ``False``.\n    \n        :param method: callable(WebDriver)\n        :param message: optional message for :exc:`TimeoutException`\n        :returns: the result of the last call to `method`\n        :raises: :exc:`selenium.common.exceptions.TimeoutException` if timeout occurs\n        \"\"\"\n        screen = None\n        stacktrace = None\n    \n        end_time = time.monotonic() + self._timeout\n        while True:\n            try:\n                value = method(self._driver)\n                if value:\n                    return value\n            except self._ignored_exceptions as exc:\n                screen = getattr(exc, \"screen\", None)\n                stacktrace = getattr(exc, \"stacktrace\", None)\n            time.sleep(self._poll)\n            if time.monotonic() > end_time:\n                break\n>       raise TimeoutException(message, screen, stacktrace)\nE       selenium.common.exceptions.TimeoutException: Message: \nE       Stacktrace:\nE       #0 0x5637b56a9fe3 <unknown>\nE       #1 0x5637b53e8d36 <unknown>\nE       #2 0x5637b5425c4d <unknown>\nE       #3 0x5637b5425d61 <unknown>\nE       #4 0x5637b54616a4 <unknown>\nE       #5 0x5637b54468ed <unknown>\nE       #6 0x5637b545f232 <unknown>\nE       #7 0x5637b5446693 <unknown>\nE       #8 0x5637b541903a <unknown>\nE       #9 0x5637b541a17e <unknown>\nE       #10 0x5637b566bdbd <unknown>\nE       #11 0x5637b566fc6c <unknown>\nE       #12 0x5637b56794b0 <unknown>\nE       #13 0x5637b5670d63 <unknown>\nE       #14 0x5637b5643c35 <unknown>\nE       #15 0x5637b5694138 <unknown>\nE       #16 0x5637b56942c7 <unknown>\nE       #17 0x5637b56a2093 <unknown>\nE       #18 0x7f0659461b43 <unknown>\n\n/opt/hostedtoolcache/Python/3.10.11/x64/lib/python3.10/site-packages/selenium/webdriver/support/wait.py:95: TimeoutException","flaky":false,"newFailed":false,"newBroken":false,"newPassed":false,"retriesCount":0,"retriesStatusChange":false,"beforeStages":[{"name":"_xunit_setup_method_fixture_TestConduit","time":{"start":1682266943520,"stop":1682266944523,"duration":1003},"status":"passed","steps":[],"attachments":[],"parameters":[],"stepsCount":0,"attachmentsCount":0,"shouldDisplayMessage":false,"hasContent":false}],"afterStages":[{"name":"_xunit_setup_method_fixture_TestConduit::0","time":{"start":1682266952949,"stop":1682266953007,"duration":58},"status":"passed","steps":[],"attachments":[],"parameters":[],"stepsCount":0,"attachmentsCount":0,"shouldDisplayMessage":false,"hasContent":false}],"labels":[{"name":"parentSuite","value":"test_conduit_vizsgaremek"},{"name":"suite","value":"test_conduit"},{"name":"subSuite","value":"TestConduit"},{"name":"host","value":"fv-az590-805"},{"name":"thread","value":"3063-MainThread"},{"name":"framework","value":"pytest"},{"name":"language","value":"cpython3"},{"name":"package","value":"test_conduit_vizsgaremek.test_conduit"},{"name":"resultFormat","value":"allure2"}],"parameters":[],"links":[],"hidden":false,"retry":false,"extra":{"severity":"normal","retries":[],"categories":[{"name":"Test defects","matchedStatuses":[],"flaky":false}],"tags":[]},"source":"5f7fc27d76bcfb14.json","parameterValues":[]}