{"uid":"d9fe58151c4f432f","name":"test_modify_data","fullName":"test_conduit_vizsgaremek.test_conduit.TestConduit#test_modify_data","historyId":"4e786c21203874a276f9d4264e653203","time":{"start":1682266935037,"stop":1682266943450,"duration":8413},"status":"broken","statusMessage":"selenium.common.exceptions.TimeoutException: Message: \nStacktrace:\n#0 0x555c039c5fe3 <unknown>\n#1 0x555c03704d36 <unknown>\n#2 0x555c03741c4d <unknown>\n#3 0x555c03741d61 <unknown>\n#4 0x555c0377d6a4 <unknown>\n#5 0x555c037628ed <unknown>\n#6 0x555c0377b232 <unknown>\n#7 0x555c03762693 <unknown>\n#8 0x555c0373503a <unknown>\n#9 0x555c0373617e <unknown>\n#10 0x555c03987dbd <unknown>\n#11 0x555c0398bc6c <unknown>\n#12 0x555c039954b0 <unknown>\n#13 0x555c0398cd63 <unknown>\n#14 0x555c0395fc35 <unknown>\n#15 0x555c039b0138 <unknown>\n#16 0x555c039b02c7 <unknown>\n#17 0x555c039be093 <unknown>\n#18 0x7f6daf1bfb43 <unknown>","statusTrace":"self = <test_conduit.TestConduit object at 0x7fa473c970a0>\n\n    def test_modify_data(self):\n        cookie_function(self.browser)\n>       login_function(self.browser)\n\ntest_conduit_vizsgaremek/test_conduit.py:205: \n_ _ _ _ _ _ _ _ _ _ _ _ _ _ _ _ _ _ _ _ _ _ _ _ _ _ _ _ _ _ _ _ _ _ _ _ _ _ _ _ \ntest_conduit_vizsgaremek/functions.py:27: in login_function\n    menu_logout_btn = WebDriverWait(browser, 5).until(\n_ _ _ _ _ _ _ _ _ _ _ _ _ _ _ _ _ _ _ _ _ _ _ _ _ _ _ _ _ _ _ _ _ _ _ _ _ _ _ _ \n\nself = <selenium.webdriver.support.wait.WebDriverWait (session=\"4527918f3f277d7ad89121a3ad77063c\")>\nmethod = <function presence_of_element_located.<locals>._predicate at 0x7fa472c245e0>\nmessage = ''\n\n    def until(self, method, message: str = \"\"):\n        \"\"\"Calls the method provided with the driver as an argument until the \\\n        return value does not evaluate to ``False``.\n    \n        :param method: callable(WebDriver)\n        :param message: optional message for :exc:`TimeoutException`\n        :returns: the result of the last call to `method`\n        :raises: :exc:`selenium.common.exceptions.TimeoutException` if timeout occurs\n        \"\"\"\n        screen = None\n        stacktrace = None\n    \n        end_time = time.monotonic() + self._timeout\n        while True:\n            try:\n                value = method(self._driver)\n                if value:\n                    return value\n            except self._ignored_exceptions as exc:\n                screen = getattr(exc, \"screen\", None)\n                stacktrace = getattr(exc, \"stacktrace\", None)\n            time.sleep(self._poll)\n            if time.monotonic() > end_time:\n                break\n>       raise TimeoutException(message, screen, stacktrace)\nE       selenium.common.exceptions.TimeoutException: Message: \nE       Stacktrace:\nE       #0 0x555c039c5fe3 <unknown>\nE       #1 0x555c03704d36 <unknown>\nE       #2 0x555c03741c4d <unknown>\nE       #3 0x555c03741d61 <unknown>\nE       #4 0x555c0377d6a4 <unknown>\nE       #5 0x555c037628ed <unknown>\nE       #6 0x555c0377b232 <unknown>\nE       #7 0x555c03762693 <unknown>\nE       #8 0x555c0373503a <unknown>\nE       #9 0x555c0373617e <unknown>\nE       #10 0x555c03987dbd <unknown>\nE       #11 0x555c0398bc6c <unknown>\nE       #12 0x555c039954b0 <unknown>\nE       #13 0x555c0398cd63 <unknown>\nE       #14 0x555c0395fc35 <unknown>\nE       #15 0x555c039b0138 <unknown>\nE       #16 0x555c039b02c7 <unknown>\nE       #17 0x555c039be093 <unknown>\nE       #18 0x7f6daf1bfb43 <unknown>\n\n/opt/hostedtoolcache/Python/3.10.11/x64/lib/python3.10/site-packages/selenium/webdriver/support/wait.py:95: TimeoutException","flaky":false,"newFailed":false,"newBroken":false,"newPassed":false,"retriesCount":0,"retriesStatusChange":false,"beforeStages":[{"name":"_xunit_setup_method_fixture_TestConduit","time":{"start":1682266934042,"stop":1682266935036,"duration":994},"status":"passed","steps":[],"attachments":[],"parameters":[],"stepsCount":0,"attachmentsCount":0,"shouldDisplayMessage":false,"hasContent":false}],"afterStages":[{"name":"_xunit_setup_method_fixture_TestConduit::0","time":{"start":1682266943462,"stop":1682266943518,"duration":56},"status":"passed","steps":[],"attachments":[],"parameters":[],"stepsCount":0,"attachmentsCount":0,"shouldDisplayMessage":false,"hasContent":false}],"labels":[{"name":"parentSuite","value":"test_conduit_vizsgaremek"},{"name":"suite","value":"test_conduit"},{"name":"subSuite","value":"TestConduit"},{"name":"host","value":"fv-az590-805"},{"name":"thread","value":"3063-MainThread"},{"name":"framework","value":"pytest"},{"name":"language","value":"cpython3"},{"name":"package","value":"test_conduit_vizsgaremek.test_conduit"},{"name":"resultFormat","value":"allure2"}],"parameters":[],"links":[],"hidden":false,"retry":false,"extra":{"severity":"normal","retries":[],"categories":[{"name":"Test defects","matchedStatuses":[],"flaky":false}],"tags":[]},"source":"d9fe58151c4f432f.json","parameterValues":[]}