{"uid":"746a4017eef302e8","name":"Adat törlése, cikk","fullName":"test_conduit_vizsgaremek.test_conduit.TestConduit#test_delete_article","historyId":"fdd1525100bfeac1bf36c131d5b9f33e","time":{"start":1682278093397,"stop":1682278106808,"duration":13411},"status":"broken","statusMessage":"selenium.common.exceptions.TimeoutException: Message: \nStacktrace:\n#0 0x55705dcc9fe3 <unknown>\n#1 0x55705da08d36 <unknown>\n#2 0x55705da45c4d <unknown>\n#3 0x55705da45d61 <unknown>\n#4 0x55705da816a4 <unknown>\n#5 0x55705da668ed <unknown>\n#6 0x55705da7f232 <unknown>\n#7 0x55705da66693 <unknown>\n#8 0x55705da3903a <unknown>\n#9 0x55705da3a17e <unknown>\n#10 0x55705dc8bdbd <unknown>\n#11 0x55705dc8fc6c <unknown>\n#12 0x55705dc994b0 <unknown>\n#13 0x55705dc90d63 <unknown>\n#14 0x55705dc63c35 <unknown>\n#15 0x55705dcb4138 <unknown>\n#16 0x55705dcb42c7 <unknown>\n#17 0x55705dcc2093 <unknown>\n#18 0x7f1c4a300b43 <unknown>","statusTrace":"self = <test_conduit.TestConduit object at 0x7fe46d863190>\n\n    @allure.title('Adat törlése, cikk')\n    def test_delete_article(self):\n    \n        # Bejelentkezés, új bejegyzés létrehozása (data_for_imports.py fájlból)\n        cookie_function(self.browser)\n        login_function(self.browser)\n>       data_for_delete_function(self.browser)\n\ntest_conduit_vizsgaremek/test_conduit.py:267: \n_ _ _ _ _ _ _ _ _ _ _ _ _ _ _ _ _ _ _ _ _ _ _ _ _ _ _ _ _ _ _ _ _ _ _ _ _ _ _ _ \ntest_conduit_vizsgaremek/functions.py:35: in data_for_delete_function\n    menu_new_article_link = WebDriverWait(browser, 5).until(\n_ _ _ _ _ _ _ _ _ _ _ _ _ _ _ _ _ _ _ _ _ _ _ _ _ _ _ _ _ _ _ _ _ _ _ _ _ _ _ _ \n\nself = <selenium.webdriver.support.wait.WebDriverWait (session=\"29b4ce626f1967a973966300d650ade7\")>\nmethod = <function presence_of_element_located.<locals>._predicate at 0x7fe46c78e710>\nmessage = ''\n\n    def until(self, method, message: str = \"\"):\n        \"\"\"Calls the method provided with the driver as an argument until the \\\n        return value does not evaluate to ``False``.\n    \n        :param method: callable(WebDriver)\n        :param message: optional message for :exc:`TimeoutException`\n        :returns: the result of the last call to `method`\n        :raises: :exc:`selenium.common.exceptions.TimeoutException` if timeout occurs\n        \"\"\"\n        screen = None\n        stacktrace = None\n    \n        end_time = time.monotonic() + self._timeout\n        while True:\n            try:\n                value = method(self._driver)\n                if value:\n                    return value\n            except self._ignored_exceptions as exc:\n                screen = getattr(exc, \"screen\", None)\n                stacktrace = getattr(exc, \"stacktrace\", None)\n            time.sleep(self._poll)\n            if time.monotonic() > end_time:\n                break\n>       raise TimeoutException(message, screen, stacktrace)\nE       selenium.common.exceptions.TimeoutException: Message: \nE       Stacktrace:\nE       #0 0x55705dcc9fe3 <unknown>\nE       #1 0x55705da08d36 <unknown>\nE       #2 0x55705da45c4d <unknown>\nE       #3 0x55705da45d61 <unknown>\nE       #4 0x55705da816a4 <unknown>\nE       #5 0x55705da668ed <unknown>\nE       #6 0x55705da7f232 <unknown>\nE       #7 0x55705da66693 <unknown>\nE       #8 0x55705da3903a <unknown>\nE       #9 0x55705da3a17e <unknown>\nE       #10 0x55705dc8bdbd <unknown>\nE       #11 0x55705dc8fc6c <unknown>\nE       #12 0x55705dc994b0 <unknown>\nE       #13 0x55705dc90d63 <unknown>\nE       #14 0x55705dc63c35 <unknown>\nE       #15 0x55705dcb4138 <unknown>\nE       #16 0x55705dcb42c7 <unknown>\nE       #17 0x55705dcc2093 <unknown>\nE       #18 0x7f1c4a300b43 <unknown>\n\n/opt/hostedtoolcache/Python/3.10.11/x64/lib/python3.10/site-packages/selenium/webdriver/support/wait.py:95: TimeoutException","flaky":false,"newFailed":false,"newBroken":false,"newPassed":false,"retriesCount":0,"retriesStatusChange":false,"beforeStages":[{"name":"_xunit_setup_method_fixture_TestConduit","time":{"start":1682278090384,"stop":1682278093396,"duration":3012},"status":"passed","steps":[],"attachments":[],"parameters":[],"stepsCount":0,"attachmentsCount":0,"shouldDisplayMessage":false,"hasContent":false}],"afterStages":[{"name":"_xunit_setup_method_fixture_TestConduit::0","time":{"start":1682278106818,"stop":1682278106874,"duration":56},"status":"passed","steps":[],"attachments":[],"parameters":[],"stepsCount":0,"attachmentsCount":0,"shouldDisplayMessage":false,"hasContent":false}],"labels":[{"name":"parentSuite","value":"test_conduit_vizsgaremek"},{"name":"suite","value":"test_conduit"},{"name":"subSuite","value":"TestConduit"},{"name":"host","value":"fv-az1135-577"},{"name":"thread","value":"3071-MainThread"},{"name":"framework","value":"pytest"},{"name":"language","value":"cpython3"},{"name":"package","value":"test_conduit_vizsgaremek.test_conduit"},{"name":"resultFormat","value":"allure2"}],"parameters":[],"links":[],"hidden":false,"retry":false,"extra":{"severity":"normal","retries":[],"categories":[{"name":"Test defects","matchedStatuses":[],"flaky":false}],"tags":[]},"source":"746a4017eef302e8.json","parameterValues":[]}