{"uid":"a0295b0b0cac00f6","name":"Kijelentkezés","fullName":"test_conduit_vizsgaremek.test_conduit.TestConduit#test_logout","historyId":"9ca0af3237f0b5687251da9100370b28","time":{"start":1682278123284,"stop":1682278136707,"duration":13423},"status":"broken","statusMessage":"selenium.common.exceptions.TimeoutException: Message: \nStacktrace:\n#0 0x556d06248fe3 <unknown>\n#1 0x556d05f87d36 <unknown>\n#2 0x556d05fc4c4d <unknown>\n#3 0x556d05fc4d61 <unknown>\n#4 0x556d060006a4 <unknown>\n#5 0x556d05fe58ed <unknown>\n#6 0x556d05ffe232 <unknown>\n#7 0x556d05fe5693 <unknown>\n#8 0x556d05fb803a <unknown>\n#9 0x556d05fb917e <unknown>\n#10 0x556d0620adbd <unknown>\n#11 0x556d0620ec6c <unknown>\n#12 0x556d062184b0 <unknown>\n#13 0x556d0620fd63 <unknown>\n#14 0x556d061e2c35 <unknown>\n#15 0x556d06233138 <unknown>\n#16 0x556d062332c7 <unknown>\n#17 0x556d06241093 <unknown>\n#18 0x7f8483dd0b43 <unknown>","statusTrace":"self = <test_conduit.TestConduit object at 0x7fe46d863430>\n\n    @allure.title('Kijelentkezés')\n    def test_logout(self):\n        cookie_function(self.browser)\n        login_function(self.browser)\n    \n        # Kilépés gomb azonosítása és kattintás\n>       menu_logout_btn = WebDriverWait(self.browser, 5).until(\n            EC.presence_of_element_located((By.LINK_TEXT, 'Log out')))\n\ntest_conduit_vizsgaremek/test_conduit.py:328: \n_ _ _ _ _ _ _ _ _ _ _ _ _ _ _ _ _ _ _ _ _ _ _ _ _ _ _ _ _ _ _ _ _ _ _ _ _ _ _ _ \n\nself = <selenium.webdriver.support.wait.WebDriverWait (session=\"0601a1030678e1dc34e75f0f39e749a2\")>\nmethod = <function presence_of_element_located.<locals>._predicate at 0x7fe46c78f0a0>\nmessage = ''\n\n    def until(self, method, message: str = \"\"):\n        \"\"\"Calls the method provided with the driver as an argument until the \\\n        return value does not evaluate to ``False``.\n    \n        :param method: callable(WebDriver)\n        :param message: optional message for :exc:`TimeoutException`\n        :returns: the result of the last call to `method`\n        :raises: :exc:`selenium.common.exceptions.TimeoutException` if timeout occurs\n        \"\"\"\n        screen = None\n        stacktrace = None\n    \n        end_time = time.monotonic() + self._timeout\n        while True:\n            try:\n                value = method(self._driver)\n                if value:\n                    return value\n            except self._ignored_exceptions as exc:\n                screen = getattr(exc, \"screen\", None)\n                stacktrace = getattr(exc, \"stacktrace\", None)\n            time.sleep(self._poll)\n            if time.monotonic() > end_time:\n                break\n>       raise TimeoutException(message, screen, stacktrace)\nE       selenium.common.exceptions.TimeoutException: Message: \nE       Stacktrace:\nE       #0 0x556d06248fe3 <unknown>\nE       #1 0x556d05f87d36 <unknown>\nE       #2 0x556d05fc4c4d <unknown>\nE       #3 0x556d05fc4d61 <unknown>\nE       #4 0x556d060006a4 <unknown>\nE       #5 0x556d05fe58ed <unknown>\nE       #6 0x556d05ffe232 <unknown>\nE       #7 0x556d05fe5693 <unknown>\nE       #8 0x556d05fb803a <unknown>\nE       #9 0x556d05fb917e <unknown>\nE       #10 0x556d0620adbd <unknown>\nE       #11 0x556d0620ec6c <unknown>\nE       #12 0x556d062184b0 <unknown>\nE       #13 0x556d0620fd63 <unknown>\nE       #14 0x556d061e2c35 <unknown>\nE       #15 0x556d06233138 <unknown>\nE       #16 0x556d062332c7 <unknown>\nE       #17 0x556d06241093 <unknown>\nE       #18 0x7f8483dd0b43 <unknown>\n\n/opt/hostedtoolcache/Python/3.10.11/x64/lib/python3.10/site-packages/selenium/webdriver/support/wait.py:95: TimeoutException","flaky":false,"newFailed":false,"newBroken":false,"newPassed":false,"retriesCount":0,"retriesStatusChange":false,"beforeStages":[{"name":"_xunit_setup_method_fixture_TestConduit","time":{"start":1682278120262,"stop":1682278123283,"duration":3021},"status":"passed","steps":[],"attachments":[],"parameters":[],"stepsCount":0,"attachmentsCount":0,"shouldDisplayMessage":false,"hasContent":false}],"afterStages":[{"name":"_xunit_setup_method_fixture_TestConduit::0","time":{"start":1682278136717,"stop":1682278136774,"duration":57},"status":"passed","steps":[],"attachments":[],"parameters":[],"stepsCount":0,"attachmentsCount":0,"shouldDisplayMessage":false,"hasContent":false}],"labels":[{"name":"parentSuite","value":"test_conduit_vizsgaremek"},{"name":"suite","value":"test_conduit"},{"name":"subSuite","value":"TestConduit"},{"name":"host","value":"fv-az1135-577"},{"name":"thread","value":"3071-MainThread"},{"name":"framework","value":"pytest"},{"name":"language","value":"cpython3"},{"name":"package","value":"test_conduit_vizsgaremek.test_conduit"},{"name":"resultFormat","value":"allure2"}],"parameters":[],"links":[],"hidden":false,"retry":false,"extra":{"severity":"normal","retries":[],"categories":[{"name":"Test defects","matchedStatuses":[],"flaky":false}],"tags":[]},"source":"a0295b0b0cac00f6.json","parameterValues":[]}