{"uid":"4d8c56f66e5389da","name":"Több oldalas lista bejárása","fullName":"test_conduit_vizsgaremek.test_conduit.TestConduit#test_list_walkthrough","historyId":"8e01040e32fd5cdb1f3029a341564d85","time":{"start":1682276837194,"stop":1682276861014,"duration":23820},"status":"broken","statusMessage":"selenium.common.exceptions.TimeoutException: Message: \nStacktrace:\n#0 0x557938ec4fe3 <unknown>\n#1 0x557938c03d36 <unknown>\n#2 0x557938c40c4d <unknown>\n#3 0x557938c40d61 <unknown>\n#4 0x557938c7c6a4 <unknown>\n#5 0x557938c618ed <unknown>\n#6 0x557938c7a232 <unknown>\n#7 0x557938c61693 <unknown>\n#8 0x557938c3403a <unknown>\n#9 0x557938c3517e <unknown>\n#10 0x557938e86dbd <unknown>\n#11 0x557938e8ac6c <unknown>\n#12 0x557938e944b0 <unknown>\n#13 0x557938e8bd63 <unknown>\n#14 0x557938e5ec35 <unknown>\n#15 0x557938eaf138 <unknown>\n#16 0x557938eaf2c7 <unknown>\n#17 0x557938ebd093 <unknown>\n#18 0x7ff5321edb43 <unknown>","statusTrace":"self = <test_conduit.TestConduit object at 0x7f7e975aab60>\n\n    @allure.title('Több oldalas lista bejárása')\n    def test_list_walkthrough(self):\n        cookie_function(self.browser)\n>       login_function(self.browser)\n\ntest_conduit_vizsgaremek/test_conduit.py:133: \n_ _ _ _ _ _ _ _ _ _ _ _ _ _ _ _ _ _ _ _ _ _ _ _ _ _ _ _ _ _ _ _ _ _ _ _ _ _ _ _ \ntest_conduit_vizsgaremek/functions.py:29: in login_function\n    menu_logout_btn = WebDriverWait(browser, 15).until(\n_ _ _ _ _ _ _ _ _ _ _ _ _ _ _ _ _ _ _ _ _ _ _ _ _ _ _ _ _ _ _ _ _ _ _ _ _ _ _ _ \n\nself = <selenium.webdriver.support.wait.WebDriverWait (session=\"befbaeb3b74942d0bda8ba6589da2789\")>\nmethod = <function presence_of_element_located.<locals>._predicate at 0x7f7e96548670>\nmessage = ''\n\n    def until(self, method, message: str = \"\"):\n        \"\"\"Calls the method provided with the driver as an argument until the \\\n        return value does not evaluate to ``False``.\n    \n        :param method: callable(WebDriver)\n        :param message: optional message for :exc:`TimeoutException`\n        :returns: the result of the last call to `method`\n        :raises: :exc:`selenium.common.exceptions.TimeoutException` if timeout occurs\n        \"\"\"\n        screen = None\n        stacktrace = None\n    \n        end_time = time.monotonic() + self._timeout\n        while True:\n            try:\n                value = method(self._driver)\n                if value:\n                    return value\n            except self._ignored_exceptions as exc:\n                screen = getattr(exc, \"screen\", None)\n                stacktrace = getattr(exc, \"stacktrace\", None)\n            time.sleep(self._poll)\n            if time.monotonic() > end_time:\n                break\n>       raise TimeoutException(message, screen, stacktrace)\nE       selenium.common.exceptions.TimeoutException: Message: \nE       Stacktrace:\nE       #0 0x557938ec4fe3 <unknown>\nE       #1 0x557938c03d36 <unknown>\nE       #2 0x557938c40c4d <unknown>\nE       #3 0x557938c40d61 <unknown>\nE       #4 0x557938c7c6a4 <unknown>\nE       #5 0x557938c618ed <unknown>\nE       #6 0x557938c7a232 <unknown>\nE       #7 0x557938c61693 <unknown>\nE       #8 0x557938c3403a <unknown>\nE       #9 0x557938c3517e <unknown>\nE       #10 0x557938e86dbd <unknown>\nE       #11 0x557938e8ac6c <unknown>\nE       #12 0x557938e944b0 <unknown>\nE       #13 0x557938e8bd63 <unknown>\nE       #14 0x557938e5ec35 <unknown>\nE       #15 0x557938eaf138 <unknown>\nE       #16 0x557938eaf2c7 <unknown>\nE       #17 0x557938ebd093 <unknown>\nE       #18 0x7ff5321edb43 <unknown>\n\n/opt/hostedtoolcache/Python/3.10.11/x64/lib/python3.10/site-packages/selenium/webdriver/support/wait.py:95: TimeoutException","flaky":false,"newFailed":false,"newBroken":false,"newPassed":false,"retriesCount":0,"retriesStatusChange":false,"beforeStages":[{"name":"_xunit_setup_method_fixture_TestConduit","time":{"start":1682276834067,"stop":1682276837193,"duration":3126},"status":"passed","steps":[],"attachments":[],"parameters":[],"stepsCount":0,"attachmentsCount":0,"shouldDisplayMessage":false,"hasContent":false}],"afterStages":[{"name":"_xunit_setup_method_fixture_TestConduit::0","time":{"start":1682276861027,"stop":1682276861085,"duration":58},"status":"passed","steps":[],"attachments":[],"parameters":[],"stepsCount":0,"attachmentsCount":0,"shouldDisplayMessage":false,"hasContent":false}],"labels":[{"name":"parentSuite","value":"test_conduit_vizsgaremek"},{"name":"suite","value":"test_conduit"},{"name":"subSuite","value":"TestConduit"},{"name":"host","value":"fv-az577-491"},{"name":"thread","value":"3103-MainThread"},{"name":"framework","value":"pytest"},{"name":"language","value":"cpython3"},{"name":"package","value":"test_conduit_vizsgaremek.test_conduit"},{"name":"resultFormat","value":"allure2"}],"parameters":[],"links":[],"hidden":false,"retry":false,"extra":{"severity":"normal","retries":[],"categories":[{"name":"Test defects","matchedStatuses":[],"flaky":false}],"tags":[]},"source":"4d8c56f66e5389da.json","parameterValues":[]}