{"uid":"fafcc0c2fc8e861","name":"test_login","fullName":"test_conduit_vizsgaremek.test_conduit.TestConduit#test_login","historyId":"69c194c39c7369ade38ea68e9974092e","time":{"start":1682268781862,"stop":1682268788281,"duration":6419},"status":"broken","statusMessage":"selenium.common.exceptions.TimeoutException: Message: \nStacktrace:\n#0 0x561eb13f6fe3 <unknown>\n#1 0x561eb1135d36 <unknown>\n#2 0x561eb1172c4d <unknown>\n#3 0x561eb1172d61 <unknown>\n#4 0x561eb11ae6a4 <unknown>\n#5 0x561eb11938ed <unknown>\n#6 0x561eb11ac232 <unknown>\n#7 0x561eb1193693 <unknown>\n#8 0x561eb116603a <unknown>\n#9 0x561eb116717e <unknown>\n#10 0x561eb13b8dbd <unknown>\n#11 0x561eb13bcc6c <unknown>\n#12 0x561eb13c64b0 <unknown>\n#13 0x561eb13bdd63 <unknown>\n#14 0x561eb1390c35 <unknown>\n#15 0x561eb13e1138 <unknown>\n#16 0x561eb13e12c7 <unknown>\n#17 0x561eb13ef093 <unknown>\n#18 0x7feadee3fb43 <unknown>","statusTrace":"self = <test_conduit.TestConduit object at 0x7f2cda17ebc0>\n\n    def test_login(self):\n        cookie_function(self.browser)\n    \n        # Bejelentkezés linkre kattintás\n        menu_login_btn = self.browser.find_element(By.LINK_TEXT, 'Sign in')\n        menu_login_btn.click()\n        # time.sleep(1)\n        assert self.browser.current_url == 'http://localhost:1667/#/login'\n    \n        # Tesztadatok beírása a megfelelő helyekre (data_for_imports.py fájlból)\n        email_input = self.browser.find_element(By.XPATH, '//input[@placeholder=\"Email\"]')\n        password_input = self.browser.find_element(By.XPATH, '//input[@type=\"password\"]')\n        sign_in_btn = self.browser.find_element(By.XPATH, '//button[contains(text(), \"Sign in\")]')\n    \n        email_input.send_keys(user_login['email'])\n        password_input.send_keys(user_login['password'])\n        sign_in_btn.click()\n    \n        # Megjelent a belépés utáni felhasználói felületen a logout link?\n>       menu_logout_btn = WebDriverWait(self.browser, 5).until(\n            EC.presence_of_element_located((By.LINK_TEXT, 'Log out')))\n\ntest_conduit_vizsgaremek/test_conduit.py:98: \n_ _ _ _ _ _ _ _ _ _ _ _ _ _ _ _ _ _ _ _ _ _ _ _ _ _ _ _ _ _ _ _ _ _ _ _ _ _ _ _ \n\nself = <selenium.webdriver.support.wait.WebDriverWait (session=\"59c186dd8838efa5d579699b5fbf9f55\")>\nmethod = <function presence_of_element_located.<locals>._predicate at 0x7f2cd90744c0>\nmessage = ''\n\n    def until(self, method, message: str = \"\"):\n        \"\"\"Calls the method provided with the driver as an argument until the \\\n        return value does not evaluate to ``False``.\n    \n        :param method: callable(WebDriver)\n        :param message: optional message for :exc:`TimeoutException`\n        :returns: the result of the last call to `method`\n        :raises: :exc:`selenium.common.exceptions.TimeoutException` if timeout occurs\n        \"\"\"\n        screen = None\n        stacktrace = None\n    \n        end_time = time.monotonic() + self._timeout\n        while True:\n            try:\n                value = method(self._driver)\n                if value:\n                    return value\n            except self._ignored_exceptions as exc:\n                screen = getattr(exc, \"screen\", None)\n                stacktrace = getattr(exc, \"stacktrace\", None)\n            time.sleep(self._poll)\n            if time.monotonic() > end_time:\n                break\n>       raise TimeoutException(message, screen, stacktrace)\nE       selenium.common.exceptions.TimeoutException: Message: \nE       Stacktrace:\nE       #0 0x561eb13f6fe3 <unknown>\nE       #1 0x561eb1135d36 <unknown>\nE       #2 0x561eb1172c4d <unknown>\nE       #3 0x561eb1172d61 <unknown>\nE       #4 0x561eb11ae6a4 <unknown>\nE       #5 0x561eb11938ed <unknown>\nE       #6 0x561eb11ac232 <unknown>\nE       #7 0x561eb1193693 <unknown>\nE       #8 0x561eb116603a <unknown>\nE       #9 0x561eb116717e <unknown>\nE       #10 0x561eb13b8dbd <unknown>\nE       #11 0x561eb13bcc6c <unknown>\nE       #12 0x561eb13c64b0 <unknown>\nE       #13 0x561eb13bdd63 <unknown>\nE       #14 0x561eb1390c35 <unknown>\nE       #15 0x561eb13e1138 <unknown>\nE       #16 0x561eb13e12c7 <unknown>\nE       #17 0x561eb13ef093 <unknown>\nE       #18 0x7feadee3fb43 <unknown>\n\n/opt/hostedtoolcache/Python/3.10.11/x64/lib/python3.10/site-packages/selenium/webdriver/support/wait.py:95: TimeoutException","flaky":false,"newFailed":false,"newBroken":false,"newPassed":false,"retriesCount":0,"retriesStatusChange":false,"beforeStages":[{"name":"_xunit_setup_method_fixture_TestConduit","time":{"start":1682268780832,"stop":1682268781861,"duration":1029},"status":"passed","steps":[],"attachments":[],"parameters":[],"stepsCount":0,"attachmentsCount":0,"shouldDisplayMessage":false,"hasContent":false}],"afterStages":[{"name":"_xunit_setup_method_fixture_TestConduit::0","time":{"start":1682268788327,"stop":1682268788383,"duration":56},"status":"passed","steps":[],"attachments":[],"parameters":[],"stepsCount":0,"attachmentsCount":0,"shouldDisplayMessage":false,"hasContent":false}],"labels":[{"name":"parentSuite","value":"test_conduit_vizsgaremek"},{"name":"suite","value":"test_conduit"},{"name":"subSuite","value":"TestConduit"},{"name":"host","value":"fv-az400-80"},{"name":"thread","value":"3054-MainThread"},{"name":"framework","value":"pytest"},{"name":"language","value":"cpython3"},{"name":"package","value":"test_conduit_vizsgaremek.test_conduit"},{"name":"resultFormat","value":"allure2"}],"parameters":[],"links":[],"hidden":false,"retry":false,"extra":{"severity":"normal","retries":[],"categories":[{"name":"Test defects","matchedStatuses":[],"flaky":false}],"tags":[]},"source":"fafcc0c2fc8e861.json","parameterValues":[]}