{"uid":"6034cddbc7c07b9b","name":"Kijelentkezés","fullName":"test_conduit_vizsgaremek.test_conduit.TestConduit#test_logout","historyId":"9ca0af3237f0b5687251da9100370b28","time":{"start":1682271913528,"stop":1682271932122,"duration":18594},"status":"broken","statusMessage":"selenium.common.exceptions.TimeoutException: Message: \nStacktrace:\n#0 0x563884b8dfe3 <unknown>\n#1 0x5638848ccd36 <unknown>\n#2 0x563884909c4d <unknown>\n#3 0x563884909d61 <unknown>\n#4 0x5638849456a4 <unknown>\n#5 0x56388492a8ed <unknown>\n#6 0x563884943232 <unknown>\n#7 0x56388492a693 <unknown>\n#8 0x5638848fd03a <unknown>\n#9 0x5638848fe17e <unknown>\n#10 0x563884b4fdbd <unknown>\n#11 0x563884b53c6c <unknown>\n#12 0x563884b5d4b0 <unknown>\n#13 0x563884b54d63 <unknown>\n#14 0x563884b27c35 <unknown>\n#15 0x563884b78138 <unknown>\n#16 0x563884b782c7 <unknown>\n#17 0x563884b86093 <unknown>\n#18 0x7fc26d39cb43 <unknown>","statusTrace":"self = <test_conduit.TestConduit object at 0x7f8397423b20>\n\n    @allure.title('Kijelentkezés')\n    def test_logout(self):\n        cookie_function(self.browser)\n>       login_function(self.browser)\n\ntest_conduit_vizsgaremek/test_conduit.py:322: \n_ _ _ _ _ _ _ _ _ _ _ _ _ _ _ _ _ _ _ _ _ _ _ _ _ _ _ _ _ _ _ _ _ _ _ _ _ _ _ _ \ntest_conduit_vizsgaremek/functions.py:29: in login_function\n    menu_logout_btn = WebDriverWait(browser, 15).until(\n_ _ _ _ _ _ _ _ _ _ _ _ _ _ _ _ _ _ _ _ _ _ _ _ _ _ _ _ _ _ _ _ _ _ _ _ _ _ _ _ \n\nself = <selenium.webdriver.support.wait.WebDriverWait (session=\"116ade68e0f79027e8156c9355c42435\")>\nmethod = <function presence_of_element_located.<locals>._predicate at 0x7f83963c5480>\nmessage = ''\n\n    def until(self, method, message: str = \"\"):\n        \"\"\"Calls the method provided with the driver as an argument until the \\\n        return value does not evaluate to ``False``.\n    \n        :param method: callable(WebDriver)\n        :param message: optional message for :exc:`TimeoutException`\n        :returns: the result of the last call to `method`\n        :raises: :exc:`selenium.common.exceptions.TimeoutException` if timeout occurs\n        \"\"\"\n        screen = None\n        stacktrace = None\n    \n        end_time = time.monotonic() + self._timeout\n        while True:\n            try:\n                value = method(self._driver)\n                if value:\n                    return value\n            except self._ignored_exceptions as exc:\n                screen = getattr(exc, \"screen\", None)\n                stacktrace = getattr(exc, \"stacktrace\", None)\n            time.sleep(self._poll)\n            if time.monotonic() > end_time:\n                break\n>       raise TimeoutException(message, screen, stacktrace)\nE       selenium.common.exceptions.TimeoutException: Message: \nE       Stacktrace:\nE       #0 0x563884b8dfe3 <unknown>\nE       #1 0x5638848ccd36 <unknown>\nE       #2 0x563884909c4d <unknown>\nE       #3 0x563884909d61 <unknown>\nE       #4 0x5638849456a4 <unknown>\nE       #5 0x56388492a8ed <unknown>\nE       #6 0x563884943232 <unknown>\nE       #7 0x56388492a693 <unknown>\nE       #8 0x5638848fd03a <unknown>\nE       #9 0x5638848fe17e <unknown>\nE       #10 0x563884b4fdbd <unknown>\nE       #11 0x563884b53c6c <unknown>\nE       #12 0x563884b5d4b0 <unknown>\nE       #13 0x563884b54d63 <unknown>\nE       #14 0x563884b27c35 <unknown>\nE       #15 0x563884b78138 <unknown>\nE       #16 0x563884b782c7 <unknown>\nE       #17 0x563884b86093 <unknown>\nE       #18 0x7fc26d39cb43 <unknown>\n\n/opt/hostedtoolcache/Python/3.10.11/x64/lib/python3.10/site-packages/selenium/webdriver/support/wait.py:95: TimeoutException","flaky":false,"newFailed":false,"newBroken":false,"newPassed":false,"retriesCount":0,"retriesStatusChange":false,"beforeStages":[{"name":"_xunit_setup_method_fixture_TestConduit","time":{"start":1682271912542,"stop":1682271913527,"duration":985},"status":"passed","steps":[],"attachments":[],"parameters":[],"stepsCount":0,"attachmentsCount":0,"shouldDisplayMessage":false,"hasContent":false}],"afterStages":[{"name":"_xunit_setup_method_fixture_TestConduit::0","time":{"start":1682271932132,"stop":1682271932187,"duration":55},"status":"passed","steps":[],"attachments":[],"parameters":[],"stepsCount":0,"attachmentsCount":0,"shouldDisplayMessage":false,"hasContent":false}],"labels":[{"name":"parentSuite","value":"test_conduit_vizsgaremek"},{"name":"suite","value":"test_conduit"},{"name":"subSuite","value":"TestConduit"},{"name":"host","value":"fv-az419-466"},{"name":"thread","value":"3103-MainThread"},{"name":"framework","value":"pytest"},{"name":"language","value":"cpython3"},{"name":"package","value":"test_conduit_vizsgaremek.test_conduit"},{"name":"resultFormat","value":"allure2"}],"parameters":[],"links":[],"hidden":false,"retry":false,"extra":{"severity":"normal","retries":[],"categories":[{"name":"Test defects","matchedStatuses":[],"flaky":false}],"tags":[]},"source":"6034cddbc7c07b9b.json","parameterValues":[]}