{"uid":"d1a9bf3288a7ccf1","name":"test_logout","fullName":"test_conduit_vizsgaremek.test_conduit.TestConduit#test_logout","historyId":"9ca0af3237f0b5687251da9100370b28","time":{"start":1682267693593,"stop":1682267702113,"duration":8520},"status":"broken","statusMessage":"selenium.common.exceptions.TimeoutException: Message: \nStacktrace:\n#0 0x562bd1625fe3 <unknown>\n#1 0x562bd1364d36 <unknown>\n#2 0x562bd13a1c4d <unknown>\n#3 0x562bd13a1d61 <unknown>\n#4 0x562bd13dd6a4 <unknown>\n#5 0x562bd13c28ed <unknown>\n#6 0x562bd13db232 <unknown>\n#7 0x562bd13c2693 <unknown>\n#8 0x562bd139503a <unknown>\n#9 0x562bd139617e <unknown>\n#10 0x562bd15e7dbd <unknown>\n#11 0x562bd15ebc6c <unknown>\n#12 0x562bd15f54b0 <unknown>\n#13 0x562bd15ecd63 <unknown>\n#14 0x562bd15bfc35 <unknown>\n#15 0x562bd1610138 <unknown>\n#16 0x562bd16102c7 <unknown>\n#17 0x562bd161e093 <unknown>\n#18 0x7f6db6714b43 <unknown>","statusTrace":"self = <test_conduit.TestConduit object at 0x7f5add86f490>\n\n    def test_logout(self):\n        cookie_function(self.browser)\n>       login_function(self.browser)\n\ntest_conduit_vizsgaremek/test_conduit.py:306: \n_ _ _ _ _ _ _ _ _ _ _ _ _ _ _ _ _ _ _ _ _ _ _ _ _ _ _ _ _ _ _ _ _ _ _ _ _ _ _ _ \ntest_conduit_vizsgaremek/functions.py:27: in login_function\n    menu_logout_btn = WebDriverWait(browser, 5).until(\n_ _ _ _ _ _ _ _ _ _ _ _ _ _ _ _ _ _ _ _ _ _ _ _ _ _ _ _ _ _ _ _ _ _ _ _ _ _ _ _ \n\nself = <selenium.webdriver.support.wait.WebDriverWait (session=\"3d6dd6e08166be525e5ee789e25c5745\")>\nmethod = <function presence_of_element_located.<locals>._predicate at 0x7f5adc790ca0>\nmessage = ''\n\n    def until(self, method, message: str = \"\"):\n        \"\"\"Calls the method provided with the driver as an argument until the \\\n        return value does not evaluate to ``False``.\n    \n        :param method: callable(WebDriver)\n        :param message: optional message for :exc:`TimeoutException`\n        :returns: the result of the last call to `method`\n        :raises: :exc:`selenium.common.exceptions.TimeoutException` if timeout occurs\n        \"\"\"\n        screen = None\n        stacktrace = None\n    \n        end_time = time.monotonic() + self._timeout\n        while True:\n            try:\n                value = method(self._driver)\n                if value:\n                    return value\n            except self._ignored_exceptions as exc:\n                screen = getattr(exc, \"screen\", None)\n                stacktrace = getattr(exc, \"stacktrace\", None)\n            time.sleep(self._poll)\n            if time.monotonic() > end_time:\n                break\n>       raise TimeoutException(message, screen, stacktrace)\nE       selenium.common.exceptions.TimeoutException: Message: \nE       Stacktrace:\nE       #0 0x562bd1625fe3 <unknown>\nE       #1 0x562bd1364d36 <unknown>\nE       #2 0x562bd13a1c4d <unknown>\nE       #3 0x562bd13a1d61 <unknown>\nE       #4 0x562bd13dd6a4 <unknown>\nE       #5 0x562bd13c28ed <unknown>\nE       #6 0x562bd13db232 <unknown>\nE       #7 0x562bd13c2693 <unknown>\nE       #8 0x562bd139503a <unknown>\nE       #9 0x562bd139617e <unknown>\nE       #10 0x562bd15e7dbd <unknown>\nE       #11 0x562bd15ebc6c <unknown>\nE       #12 0x562bd15f54b0 <unknown>\nE       #13 0x562bd15ecd63 <unknown>\nE       #14 0x562bd15bfc35 <unknown>\nE       #15 0x562bd1610138 <unknown>\nE       #16 0x562bd16102c7 <unknown>\nE       #17 0x562bd161e093 <unknown>\nE       #18 0x7f6db6714b43 <unknown>\n\n/opt/hostedtoolcache/Python/3.10.11/x64/lib/python3.10/site-packages/selenium/webdriver/support/wait.py:95: TimeoutException","flaky":false,"newFailed":false,"newBroken":false,"newPassed":false,"retriesCount":0,"retriesStatusChange":false,"beforeStages":[{"name":"_xunit_setup_method_fixture_TestConduit","time":{"start":1682267692474,"stop":1682267693592,"duration":1118},"status":"passed","steps":[],"attachments":[],"parameters":[],"stepsCount":0,"attachmentsCount":0,"shouldDisplayMessage":false,"hasContent":false}],"afterStages":[{"name":"_xunit_setup_method_fixture_TestConduit::0","time":{"start":1682267702127,"stop":1682267702185,"duration":58},"status":"passed","steps":[],"attachments":[],"parameters":[],"stepsCount":0,"attachmentsCount":0,"shouldDisplayMessage":false,"hasContent":false}],"labels":[{"name":"parentSuite","value":"test_conduit_vizsgaremek"},{"name":"suite","value":"test_conduit"},{"name":"subSuite","value":"TestConduit"},{"name":"host","value":"fv-az950-428"},{"name":"thread","value":"3050-MainThread"},{"name":"framework","value":"pytest"},{"name":"language","value":"cpython3"},{"name":"package","value":"test_conduit_vizsgaremek.test_conduit"},{"name":"resultFormat","value":"allure2"}],"parameters":[],"links":[],"hidden":false,"retry":false,"extra":{"severity":"normal","retries":[],"categories":[{"name":"Test defects","matchedStatuses":[],"flaky":false}],"tags":[]},"source":"d1a9bf3288a7ccf1.json","parameterValues":[]}