{"uid":"e5f4c6cc1615c207","name":"test_list_walkthrough","fullName":"test_conduit_vizsgaremek.test_conduit.TestConduit#test_list_walkthrough","historyId":"8e01040e32fd5cdb1f3029a341564d85","time":{"start":1682267635306,"stop":1682267643814,"duration":8508},"status":"broken","statusMessage":"selenium.common.exceptions.TimeoutException: Message: \nStacktrace:\n#0 0x55da8ee31fe3 <unknown>\n#1 0x55da8eb70d36 <unknown>\n#2 0x55da8ebadc4d <unknown>\n#3 0x55da8ebadd61 <unknown>\n#4 0x55da8ebe96a4 <unknown>\n#5 0x55da8ebce8ed <unknown>\n#6 0x55da8ebe7232 <unknown>\n#7 0x55da8ebce693 <unknown>\n#8 0x55da8eba103a <unknown>\n#9 0x55da8eba217e <unknown>\n#10 0x55da8edf3dbd <unknown>\n#11 0x55da8edf7c6c <unknown>\n#12 0x55da8ee014b0 <unknown>\n#13 0x55da8edf8d63 <unknown>\n#14 0x55da8edcbc35 <unknown>\n#15 0x55da8ee1c138 <unknown>\n#16 0x55da8ee1c2c7 <unknown>\n#17 0x55da8ee2a093 <unknown>\n#18 0x7f5e9c941b43 <unknown>","statusTrace":"self = <test_conduit.TestConduit object at 0x7f5add86ee30>\n\n    def test_list_walkthrough(self):\n        cookie_function(self.browser)\n>       login_function(self.browser)\n\ntest_conduit_vizsgaremek/test_conduit.py:120: \n_ _ _ _ _ _ _ _ _ _ _ _ _ _ _ _ _ _ _ _ _ _ _ _ _ _ _ _ _ _ _ _ _ _ _ _ _ _ _ _ \ntest_conduit_vizsgaremek/functions.py:27: in login_function\n    menu_logout_btn = WebDriverWait(browser, 5).until(\n_ _ _ _ _ _ _ _ _ _ _ _ _ _ _ _ _ _ _ _ _ _ _ _ _ _ _ _ _ _ _ _ _ _ _ _ _ _ _ _ \n\nself = <selenium.webdriver.support.wait.WebDriverWait (session=\"62ed72e2d56cbd245f0e321195b5531a\")>\nmethod = <function presence_of_element_located.<locals>._predicate at 0x7f5adc790160>\nmessage = ''\n\n    def until(self, method, message: str = \"\"):\n        \"\"\"Calls the method provided with the driver as an argument until the \\\n        return value does not evaluate to ``False``.\n    \n        :param method: callable(WebDriver)\n        :param message: optional message for :exc:`TimeoutException`\n        :returns: the result of the last call to `method`\n        :raises: :exc:`selenium.common.exceptions.TimeoutException` if timeout occurs\n        \"\"\"\n        screen = None\n        stacktrace = None\n    \n        end_time = time.monotonic() + self._timeout\n        while True:\n            try:\n                value = method(self._driver)\n                if value:\n                    return value\n            except self._ignored_exceptions as exc:\n                screen = getattr(exc, \"screen\", None)\n                stacktrace = getattr(exc, \"stacktrace\", None)\n            time.sleep(self._poll)\n            if time.monotonic() > end_time:\n                break\n>       raise TimeoutException(message, screen, stacktrace)\nE       selenium.common.exceptions.TimeoutException: Message: \nE       Stacktrace:\nE       #0 0x55da8ee31fe3 <unknown>\nE       #1 0x55da8eb70d36 <unknown>\nE       #2 0x55da8ebadc4d <unknown>\nE       #3 0x55da8ebadd61 <unknown>\nE       #4 0x55da8ebe96a4 <unknown>\nE       #5 0x55da8ebce8ed <unknown>\nE       #6 0x55da8ebe7232 <unknown>\nE       #7 0x55da8ebce693 <unknown>\nE       #8 0x55da8eba103a <unknown>\nE       #9 0x55da8eba217e <unknown>\nE       #10 0x55da8edf3dbd <unknown>\nE       #11 0x55da8edf7c6c <unknown>\nE       #12 0x55da8ee014b0 <unknown>\nE       #13 0x55da8edf8d63 <unknown>\nE       #14 0x55da8edcbc35 <unknown>\nE       #15 0x55da8ee1c138 <unknown>\nE       #16 0x55da8ee1c2c7 <unknown>\nE       #17 0x55da8ee2a093 <unknown>\nE       #18 0x7f5e9c941b43 <unknown>\n\n/opt/hostedtoolcache/Python/3.10.11/x64/lib/python3.10/site-packages/selenium/webdriver/support/wait.py:95: TimeoutException","flaky":false,"newFailed":false,"newBroken":false,"newPassed":false,"retriesCount":0,"retriesStatusChange":false,"beforeStages":[{"name":"_xunit_setup_method_fixture_TestConduit","time":{"start":1682267634171,"stop":1682267635305,"duration":1134},"status":"passed","steps":[],"attachments":[],"parameters":[],"stepsCount":0,"attachmentsCount":0,"shouldDisplayMessage":false,"hasContent":false}],"afterStages":[{"name":"_xunit_setup_method_fixture_TestConduit::0","time":{"start":1682267643826,"stop":1682267643882,"duration":56},"status":"passed","steps":[],"attachments":[],"parameters":[],"stepsCount":0,"attachmentsCount":0,"shouldDisplayMessage":false,"hasContent":false}],"labels":[{"name":"parentSuite","value":"test_conduit_vizsgaremek"},{"name":"suite","value":"test_conduit"},{"name":"subSuite","value":"TestConduit"},{"name":"host","value":"fv-az950-428"},{"name":"thread","value":"3050-MainThread"},{"name":"framework","value":"pytest"},{"name":"language","value":"cpython3"},{"name":"package","value":"test_conduit_vizsgaremek.test_conduit"},{"name":"resultFormat","value":"allure2"}],"parameters":[],"links":[],"hidden":false,"retry":false,"extra":{"severity":"normal","retries":[],"categories":[{"name":"Test defects","matchedStatuses":[],"flaky":false}],"tags":[]},"source":"e5f4c6cc1615c207.json","parameterValues":[]}