{"uid":"ee897bef00ae4114","name":"test_modify_data","fullName":"test_conduit_vizsgaremek.test_conduit.TestConduit#test_modify_data","historyId":"4e786c21203874a276f9d4264e653203","time":{"start":1682267664446,"stop":1682267672961,"duration":8515},"status":"broken","statusMessage":"selenium.common.exceptions.TimeoutException: Message: \nStacktrace:\n#0 0x56335408bfe3 <unknown>\n#1 0x563353dcad36 <unknown>\n#2 0x563353e07c4d <unknown>\n#3 0x563353e07d61 <unknown>\n#4 0x563353e436a4 <unknown>\n#5 0x563353e288ed <unknown>\n#6 0x563353e41232 <unknown>\n#7 0x563353e28693 <unknown>\n#8 0x563353dfb03a <unknown>\n#9 0x563353dfc17e <unknown>\n#10 0x56335404ddbd <unknown>\n#11 0x563354051c6c <unknown>\n#12 0x56335405b4b0 <unknown>\n#13 0x563354052d63 <unknown>\n#14 0x563354025c35 <unknown>\n#15 0x563354076138 <unknown>\n#16 0x5633540762c7 <unknown>\n#17 0x563354084093 <unknown>\n#18 0x7f98861ddb43 <unknown>","statusTrace":"self = <test_conduit.TestConduit object at 0x7f5add86f0a0>\n\n    def test_modify_data(self):\n        cookie_function(self.browser)\n>       login_function(self.browser)\n\ntest_conduit_vizsgaremek/test_conduit.py:205: \n_ _ _ _ _ _ _ _ _ _ _ _ _ _ _ _ _ _ _ _ _ _ _ _ _ _ _ _ _ _ _ _ _ _ _ _ _ _ _ _ \ntest_conduit_vizsgaremek/functions.py:27: in login_function\n    menu_logout_btn = WebDriverWait(browser, 5).until(\n_ _ _ _ _ _ _ _ _ _ _ _ _ _ _ _ _ _ _ _ _ _ _ _ _ _ _ _ _ _ _ _ _ _ _ _ _ _ _ _ \n\nself = <selenium.webdriver.support.wait.WebDriverWait (session=\"15b92db6a0a45c142c1bc25160ce0425\")>\nmethod = <function presence_of_element_located.<locals>._predicate at 0x7f5adc7905e0>\nmessage = ''\n\n    def until(self, method, message: str = \"\"):\n        \"\"\"Calls the method provided with the driver as an argument until the \\\n        return value does not evaluate to ``False``.\n    \n        :param method: callable(WebDriver)\n        :param message: optional message for :exc:`TimeoutException`\n        :returns: the result of the last call to `method`\n        :raises: :exc:`selenium.common.exceptions.TimeoutException` if timeout occurs\n        \"\"\"\n        screen = None\n        stacktrace = None\n    \n        end_time = time.monotonic() + self._timeout\n        while True:\n            try:\n                value = method(self._driver)\n                if value:\n                    return value\n            except self._ignored_exceptions as exc:\n                screen = getattr(exc, \"screen\", None)\n                stacktrace = getattr(exc, \"stacktrace\", None)\n            time.sleep(self._poll)\n            if time.monotonic() > end_time:\n                break\n>       raise TimeoutException(message, screen, stacktrace)\nE       selenium.common.exceptions.TimeoutException: Message: \nE       Stacktrace:\nE       #0 0x56335408bfe3 <unknown>\nE       #1 0x563353dcad36 <unknown>\nE       #2 0x563353e07c4d <unknown>\nE       #3 0x563353e07d61 <unknown>\nE       #4 0x563353e436a4 <unknown>\nE       #5 0x563353e288ed <unknown>\nE       #6 0x563353e41232 <unknown>\nE       #7 0x563353e28693 <unknown>\nE       #8 0x563353dfb03a <unknown>\nE       #9 0x563353dfc17e <unknown>\nE       #10 0x56335404ddbd <unknown>\nE       #11 0x563354051c6c <unknown>\nE       #12 0x56335405b4b0 <unknown>\nE       #13 0x563354052d63 <unknown>\nE       #14 0x563354025c35 <unknown>\nE       #15 0x563354076138 <unknown>\nE       #16 0x5633540762c7 <unknown>\nE       #17 0x563354084093 <unknown>\nE       #18 0x7f98861ddb43 <unknown>\n\n/opt/hostedtoolcache/Python/3.10.11/x64/lib/python3.10/site-packages/selenium/webdriver/support/wait.py:95: TimeoutException","flaky":false,"newFailed":false,"newBroken":false,"newPassed":false,"retriesCount":0,"retriesStatusChange":false,"beforeStages":[{"name":"_xunit_setup_method_fixture_TestConduit","time":{"start":1682267663313,"stop":1682267664445,"duration":1132},"status":"passed","steps":[],"attachments":[],"parameters":[],"stepsCount":0,"attachmentsCount":0,"shouldDisplayMessage":false,"hasContent":false}],"afterStages":[{"name":"_xunit_setup_method_fixture_TestConduit::0","time":{"start":1682267672980,"stop":1682267673036,"duration":56},"status":"passed","steps":[],"attachments":[],"parameters":[],"stepsCount":0,"attachmentsCount":0,"shouldDisplayMessage":false,"hasContent":false}],"labels":[{"name":"parentSuite","value":"test_conduit_vizsgaremek"},{"name":"suite","value":"test_conduit"},{"name":"subSuite","value":"TestConduit"},{"name":"host","value":"fv-az950-428"},{"name":"thread","value":"3050-MainThread"},{"name":"framework","value":"pytest"},{"name":"language","value":"cpython3"},{"name":"package","value":"test_conduit_vizsgaremek.test_conduit"},{"name":"resultFormat","value":"allure2"}],"parameters":[],"links":[],"hidden":false,"retry":false,"extra":{"severity":"normal","retries":[],"categories":[{"name":"Test defects","matchedStatuses":[],"flaky":false}],"tags":[]},"source":"ee897bef00ae4114.json","parameterValues":[]}