{"uid":"55846753590c2740","name":"Új adat bevitel, új cikk","fullName":"test_conduit_vizsgaremek.test_conduit.TestConduit#test_new_data","historyId":"cd12e7984d9e97b54a23333824535114","time":{"start":1682274503971,"stop":1682274522570,"duration":18599},"status":"broken","statusMessage":"selenium.common.exceptions.TimeoutException: Message: \nStacktrace:\n#0 0x561ad3dfdfe3 <unknown>\n#1 0x561ad3b3cd36 <unknown>\n#2 0x561ad3b79c4d <unknown>\n#3 0x561ad3b79d61 <unknown>\n#4 0x561ad3bb56a4 <unknown>\n#5 0x561ad3b9a8ed <unknown>\n#6 0x561ad3bb3232 <unknown>\n#7 0x561ad3b9a693 <unknown>\n#8 0x561ad3b6d03a <unknown>\n#9 0x561ad3b6e17e <unknown>\n#10 0x561ad3dbfdbd <unknown>\n#11 0x561ad3dc3c6c <unknown>\n#12 0x561ad3dcd4b0 <unknown>\n#13 0x561ad3dc4d63 <unknown>\n#14 0x561ad3d97c35 <unknown>\n#15 0x561ad3de8138 <unknown>\n#16 0x561ad3de82c7 <unknown>\n#17 0x561ad3df6093 <unknown>\n#18 0x7fbd87845b43 <unknown>","statusTrace":"self = <test_conduit.TestConduit object at 0x7fbddcf9ee00>\n\n    @allure.title('Új adat bevitel, új cikk')\n    def test_new_data(self):\n        cookie_function(self.browser)\n>       login_function(self.browser)\n\ntest_conduit_vizsgaremek/test_conduit.py:154: \n_ _ _ _ _ _ _ _ _ _ _ _ _ _ _ _ _ _ _ _ _ _ _ _ _ _ _ _ _ _ _ _ _ _ _ _ _ _ _ _ \ntest_conduit_vizsgaremek/functions.py:29: in login_function\n    menu_logout_btn = WebDriverWait(browser, 15).until(\n_ _ _ _ _ _ _ _ _ _ _ _ _ _ _ _ _ _ _ _ _ _ _ _ _ _ _ _ _ _ _ _ _ _ _ _ _ _ _ _ \n\nself = <selenium.webdriver.support.wait.WebDriverWait (session=\"cb6944f5b548cf0ce4b753f1466f3831\")>\nmethod = <function presence_of_element_located.<locals>._predicate at 0x7fbddbef4430>\nmessage = ''\n\n    def until(self, method, message: str = \"\"):\n        \"\"\"Calls the method provided with the driver as an argument until the \\\n        return value does not evaluate to ``False``.\n    \n        :param method: callable(WebDriver)\n        :param message: optional message for :exc:`TimeoutException`\n        :returns: the result of the last call to `method`\n        :raises: :exc:`selenium.common.exceptions.TimeoutException` if timeout occurs\n        \"\"\"\n        screen = None\n        stacktrace = None\n    \n        end_time = time.monotonic() + self._timeout\n        while True:\n            try:\n                value = method(self._driver)\n                if value:\n                    return value\n            except self._ignored_exceptions as exc:\n                screen = getattr(exc, \"screen\", None)\n                stacktrace = getattr(exc, \"stacktrace\", None)\n            time.sleep(self._poll)\n            if time.monotonic() > end_time:\n                break\n>       raise TimeoutException(message, screen, stacktrace)\nE       selenium.common.exceptions.TimeoutException: Message: \nE       Stacktrace:\nE       #0 0x561ad3dfdfe3 <unknown>\nE       #1 0x561ad3b3cd36 <unknown>\nE       #2 0x561ad3b79c4d <unknown>\nE       #3 0x561ad3b79d61 <unknown>\nE       #4 0x561ad3bb56a4 <unknown>\nE       #5 0x561ad3b9a8ed <unknown>\nE       #6 0x561ad3bb3232 <unknown>\nE       #7 0x561ad3b9a693 <unknown>\nE       #8 0x561ad3b6d03a <unknown>\nE       #9 0x561ad3b6e17e <unknown>\nE       #10 0x561ad3dbfdbd <unknown>\nE       #11 0x561ad3dc3c6c <unknown>\nE       #12 0x561ad3dcd4b0 <unknown>\nE       #13 0x561ad3dc4d63 <unknown>\nE       #14 0x561ad3d97c35 <unknown>\nE       #15 0x561ad3de8138 <unknown>\nE       #16 0x561ad3de82c7 <unknown>\nE       #17 0x561ad3df6093 <unknown>\nE       #18 0x7fbd87845b43 <unknown>\n\n/opt/hostedtoolcache/Python/3.10.11/x64/lib/python3.10/site-packages/selenium/webdriver/support/wait.py:95: TimeoutException","flaky":false,"newFailed":false,"newBroken":false,"newPassed":false,"retriesCount":0,"retriesStatusChange":false,"beforeStages":[{"name":"_xunit_setup_method_fixture_TestConduit","time":{"start":1682274500941,"stop":1682274503970,"duration":3029},"status":"passed","steps":[],"attachments":[],"parameters":[],"stepsCount":0,"attachmentsCount":0,"shouldDisplayMessage":false,"hasContent":false}],"afterStages":[{"name":"_xunit_setup_method_fixture_TestConduit::0","time":{"start":1682274522581,"stop":1682274522636,"duration":55},"status":"passed","steps":[],"attachments":[],"parameters":[],"stepsCount":0,"attachmentsCount":0,"shouldDisplayMessage":false,"hasContent":false}],"labels":[{"name":"parentSuite","value":"test_conduit_vizsgaremek"},{"name":"suite","value":"test_conduit"},{"name":"subSuite","value":"TestConduit"},{"name":"host","value":"fv-az180-54"},{"name":"thread","value":"3048-MainThread"},{"name":"framework","value":"pytest"},{"name":"language","value":"cpython3"},{"name":"package","value":"test_conduit_vizsgaremek.test_conduit"},{"name":"resultFormat","value":"allure2"}],"parameters":[],"links":[],"hidden":false,"retry":false,"extra":{"severity":"normal","retries":[],"categories":[{"name":"Test defects","matchedStatuses":[],"flaky":false}],"tags":[]},"source":"55846753590c2740.json","parameterValues":[]}