{"uid":"69a49293b347157b","name":"Több oldalas lista bejárása","fullName":"test_conduit_vizsgaremek.test_conduit.TestConduit#test_list_walkthrough","historyId":"8e01040e32fd5cdb1f3029a341564d85","time":{"start":1682274482282,"stop":1682274500873,"duration":18591},"status":"broken","statusMessage":"selenium.common.exceptions.TimeoutException: Message: \nStacktrace:\n#0 0x557599537fe3 <unknown>\n#1 0x557599276d36 <unknown>\n#2 0x5575992b3c4d <unknown>\n#3 0x5575992b3d61 <unknown>\n#4 0x5575992ef6a4 <unknown>\n#5 0x5575992d48ed <unknown>\n#6 0x5575992ed232 <unknown>\n#7 0x5575992d4693 <unknown>\n#8 0x5575992a703a <unknown>\n#9 0x5575992a817e <unknown>\n#10 0x5575994f9dbd <unknown>\n#11 0x5575994fdc6c <unknown>\n#12 0x5575995074b0 <unknown>\n#13 0x5575994fed63 <unknown>\n#14 0x5575994d1c35 <unknown>\n#15 0x557599522138 <unknown>\n#16 0x5575995222c7 <unknown>\n#17 0x557599530093 <unknown>\n#18 0x7fdd7dcf4b43 <unknown>","statusTrace":"self = <test_conduit.TestConduit object at 0x7fbddcf9eb60>\n\n    @allure.title('Több oldalas lista bejárása')\n    def test_list_walkthrough(self):\n        cookie_function(self.browser)\n>       login_function(self.browser)\n\ntest_conduit_vizsgaremek/test_conduit.py:134: \n_ _ _ _ _ _ _ _ _ _ _ _ _ _ _ _ _ _ _ _ _ _ _ _ _ _ _ _ _ _ _ _ _ _ _ _ _ _ _ _ \ntest_conduit_vizsgaremek/functions.py:29: in login_function\n    menu_logout_btn = WebDriverWait(browser, 15).until(\n_ _ _ _ _ _ _ _ _ _ _ _ _ _ _ _ _ _ _ _ _ _ _ _ _ _ _ _ _ _ _ _ _ _ _ _ _ _ _ _ \n\nself = <selenium.webdriver.support.wait.WebDriverWait (session=\"5473a86e5cbfb24fb4bbb42a030ead90\")>\nmethod = <function presence_of_element_located.<locals>._predicate at 0x7fbddbef4670>\nmessage = ''\n\n    def until(self, method, message: str = \"\"):\n        \"\"\"Calls the method provided with the driver as an argument until the \\\n        return value does not evaluate to ``False``.\n    \n        :param method: callable(WebDriver)\n        :param message: optional message for :exc:`TimeoutException`\n        :returns: the result of the last call to `method`\n        :raises: :exc:`selenium.common.exceptions.TimeoutException` if timeout occurs\n        \"\"\"\n        screen = None\n        stacktrace = None\n    \n        end_time = time.monotonic() + self._timeout\n        while True:\n            try:\n                value = method(self._driver)\n                if value:\n                    return value\n            except self._ignored_exceptions as exc:\n                screen = getattr(exc, \"screen\", None)\n                stacktrace = getattr(exc, \"stacktrace\", None)\n            time.sleep(self._poll)\n            if time.monotonic() > end_time:\n                break\n>       raise TimeoutException(message, screen, stacktrace)\nE       selenium.common.exceptions.TimeoutException: Message: \nE       Stacktrace:\nE       #0 0x557599537fe3 <unknown>\nE       #1 0x557599276d36 <unknown>\nE       #2 0x5575992b3c4d <unknown>\nE       #3 0x5575992b3d61 <unknown>\nE       #4 0x5575992ef6a4 <unknown>\nE       #5 0x5575992d48ed <unknown>\nE       #6 0x5575992ed232 <unknown>\nE       #7 0x5575992d4693 <unknown>\nE       #8 0x5575992a703a <unknown>\nE       #9 0x5575992a817e <unknown>\nE       #10 0x5575994f9dbd <unknown>\nE       #11 0x5575994fdc6c <unknown>\nE       #12 0x5575995074b0 <unknown>\nE       #13 0x5575994fed63 <unknown>\nE       #14 0x5575994d1c35 <unknown>\nE       #15 0x557599522138 <unknown>\nE       #16 0x5575995222c7 <unknown>\nE       #17 0x557599530093 <unknown>\nE       #18 0x7fdd7dcf4b43 <unknown>\n\n/opt/hostedtoolcache/Python/3.10.11/x64/lib/python3.10/site-packages/selenium/webdriver/support/wait.py:95: TimeoutException","flaky":false,"newFailed":false,"newBroken":false,"newPassed":false,"retriesCount":0,"retriesStatusChange":false,"beforeStages":[{"name":"_xunit_setup_method_fixture_TestConduit","time":{"start":1682274479243,"stop":1682274482281,"duration":3038},"status":"passed","steps":[],"attachments":[],"parameters":[],"stepsCount":0,"attachmentsCount":0,"shouldDisplayMessage":false,"hasContent":false}],"afterStages":[{"name":"_xunit_setup_method_fixture_TestConduit::0","time":{"start":1682274500883,"stop":1682274500939,"duration":56},"status":"passed","steps":[],"attachments":[],"parameters":[],"stepsCount":0,"attachmentsCount":0,"shouldDisplayMessage":false,"hasContent":false}],"labels":[{"name":"parentSuite","value":"test_conduit_vizsgaremek"},{"name":"suite","value":"test_conduit"},{"name":"subSuite","value":"TestConduit"},{"name":"host","value":"fv-az180-54"},{"name":"thread","value":"3048-MainThread"},{"name":"framework","value":"pytest"},{"name":"language","value":"cpython3"},{"name":"package","value":"test_conduit_vizsgaremek.test_conduit"},{"name":"resultFormat","value":"allure2"}],"parameters":[],"links":[],"hidden":false,"retry":false,"extra":{"severity":"normal","retries":[],"categories":[{"name":"Test defects","matchedStatuses":[],"flaky":false}],"tags":[]},"source":"69a49293b347157b.json","parameterValues":[]}