{"uid":"c4cc27f9619f82f3","name":"Adatok lementése felületről, tag lista","fullName":"test_conduit_vizsgaremek.test_conduit.TestConduit#test_collect_data","historyId":"24c8ffb8f727e94588c3752722dd7764","time":{"start":1682274590762,"stop":1682274609355,"duration":18593},"status":"broken","statusMessage":"selenium.common.exceptions.TimeoutException: Message: \nStacktrace:\n#0 0x55decdd92fe3 <unknown>\n#1 0x55decdad1d36 <unknown>\n#2 0x55decdb0ec4d <unknown>\n#3 0x55decdb0ed61 <unknown>\n#4 0x55decdb4a6a4 <unknown>\n#5 0x55decdb2f8ed <unknown>\n#6 0x55decdb48232 <unknown>\n#7 0x55decdb2f693 <unknown>\n#8 0x55decdb0203a <unknown>\n#9 0x55decdb0317e <unknown>\n#10 0x55decdd54dbd <unknown>\n#11 0x55decdd58c6c <unknown>\n#12 0x55decdd624b0 <unknown>\n#13 0x55decdd59d63 <unknown>\n#14 0x55decdd2cc35 <unknown>\n#15 0x55decdd7d138 <unknown>\n#16 0x55decdd7d2c7 <unknown>\n#17 0x55decdd8b093 <unknown>\n#18 0x7f64fb1b3b43 <unknown>","statusTrace":"self = <test_conduit.TestConduit object at 0x7fbddcf9f340>\n\n    @allure.title('Adatok lementése felületről, tag lista')\n    def test_collect_data(self):\n        cookie_function(self.browser)\n>       login_function(self.browser)\n\ntest_conduit_vizsgaremek/test_conduit.py:295: \n_ _ _ _ _ _ _ _ _ _ _ _ _ _ _ _ _ _ _ _ _ _ _ _ _ _ _ _ _ _ _ _ _ _ _ _ _ _ _ _ \ntest_conduit_vizsgaremek/functions.py:29: in login_function\n    menu_logout_btn = WebDriverWait(browser, 15).until(\n_ _ _ _ _ _ _ _ _ _ _ _ _ _ _ _ _ _ _ _ _ _ _ _ _ _ _ _ _ _ _ _ _ _ _ _ _ _ _ _ \n\nself = <selenium.webdriver.support.wait.WebDriverWait (session=\"c3614edc30819e5c8a7f319a7136c45f\")>\nmethod = <function presence_of_element_located.<locals>._predicate at 0x7fbddbef4940>\nmessage = ''\n\n    def until(self, method, message: str = \"\"):\n        \"\"\"Calls the method provided with the driver as an argument until the \\\n        return value does not evaluate to ``False``.\n    \n        :param method: callable(WebDriver)\n        :param message: optional message for :exc:`TimeoutException`\n        :returns: the result of the last call to `method`\n        :raises: :exc:`selenium.common.exceptions.TimeoutException` if timeout occurs\n        \"\"\"\n        screen = None\n        stacktrace = None\n    \n        end_time = time.monotonic() + self._timeout\n        while True:\n            try:\n                value = method(self._driver)\n                if value:\n                    return value\n            except self._ignored_exceptions as exc:\n                screen = getattr(exc, \"screen\", None)\n                stacktrace = getattr(exc, \"stacktrace\", None)\n            time.sleep(self._poll)\n            if time.monotonic() > end_time:\n                break\n>       raise TimeoutException(message, screen, stacktrace)\nE       selenium.common.exceptions.TimeoutException: Message: \nE       Stacktrace:\nE       #0 0x55decdd92fe3 <unknown>\nE       #1 0x55decdad1d36 <unknown>\nE       #2 0x55decdb0ec4d <unknown>\nE       #3 0x55decdb0ed61 <unknown>\nE       #4 0x55decdb4a6a4 <unknown>\nE       #5 0x55decdb2f8ed <unknown>\nE       #6 0x55decdb48232 <unknown>\nE       #7 0x55decdb2f693 <unknown>\nE       #8 0x55decdb0203a <unknown>\nE       #9 0x55decdb0317e <unknown>\nE       #10 0x55decdd54dbd <unknown>\nE       #11 0x55decdd58c6c <unknown>\nE       #12 0x55decdd624b0 <unknown>\nE       #13 0x55decdd59d63 <unknown>\nE       #14 0x55decdd2cc35 <unknown>\nE       #15 0x55decdd7d138 <unknown>\nE       #16 0x55decdd7d2c7 <unknown>\nE       #17 0x55decdd8b093 <unknown>\nE       #18 0x7f64fb1b3b43 <unknown>\n\n/opt/hostedtoolcache/Python/3.10.11/x64/lib/python3.10/site-packages/selenium/webdriver/support/wait.py:95: TimeoutException","flaky":false,"newFailed":false,"newBroken":false,"newPassed":false,"retriesCount":0,"retriesStatusChange":false,"beforeStages":[{"name":"_xunit_setup_method_fixture_TestConduit","time":{"start":1682274587722,"stop":1682274590762,"duration":3040},"status":"passed","steps":[],"attachments":[],"parameters":[],"stepsCount":0,"attachmentsCount":0,"shouldDisplayMessage":false,"hasContent":false}],"afterStages":[{"name":"_xunit_setup_method_fixture_TestConduit::0","time":{"start":1682274609366,"stop":1682274609422,"duration":56},"status":"passed","steps":[],"attachments":[],"parameters":[],"stepsCount":0,"attachmentsCount":0,"shouldDisplayMessage":false,"hasContent":false}],"labels":[{"name":"parentSuite","value":"test_conduit_vizsgaremek"},{"name":"suite","value":"test_conduit"},{"name":"subSuite","value":"TestConduit"},{"name":"host","value":"fv-az180-54"},{"name":"thread","value":"3048-MainThread"},{"name":"framework","value":"pytest"},{"name":"language","value":"cpython3"},{"name":"package","value":"test_conduit_vizsgaremek.test_conduit"},{"name":"resultFormat","value":"allure2"}],"parameters":[],"links":[],"hidden":false,"retry":false,"extra":{"severity":"normal","retries":[],"categories":[{"name":"Test defects","matchedStatuses":[],"flaky":false}],"tags":[]},"source":"c4cc27f9619f82f3.json","parameterValues":[]}