{"uid":"7c79b1b64fe1b85f","name":"Adat törlése, cikk","fullName":"test_conduit_vizsgaremek.test_conduit.TestConduit#test_delete_article","historyId":"fdd1525100bfeac1bf36c131d5b9f33e","time":{"start":1682279500014,"stop":1682279513382,"duration":13368},"status":"broken","statusMessage":"selenium.common.exceptions.TimeoutException: Message: \nStacktrace:\n#0 0x55be8ce07fe3 <unknown>\n#1 0x55be8cb46d36 <unknown>\n#2 0x55be8cb83c4d <unknown>\n#3 0x55be8cb83d61 <unknown>\n#4 0x55be8cbbf6a4 <unknown>\n#5 0x55be8cba48ed <unknown>\n#6 0x55be8cbbd232 <unknown>\n#7 0x55be8cba4693 <unknown>\n#8 0x55be8cb7703a <unknown>\n#9 0x55be8cb7817e <unknown>\n#10 0x55be8cdc9dbd <unknown>\n#11 0x55be8cdcdc6c <unknown>\n#12 0x55be8cdd74b0 <unknown>\n#13 0x55be8cdced63 <unknown>\n#14 0x55be8cda1c35 <unknown>\n#15 0x55be8cdf2138 <unknown>\n#16 0x55be8cdf22c7 <unknown>\n#17 0x55be8ce00093 <unknown>\n#18 0x7f4d8da9eb43 <unknown>","statusTrace":"self = <test_conduit.TestConduit object at 0x7f5d23c2b190>\n\n    @allure.title('Adat törlése, cikk')\n    def test_delete_article(self):\n    \n        # Bejelentkezés, új bejegyzés létrehozása (data_for_imports.py fájlból)\n        cookie_function(self.browser)\n        login_function(self.browser)\n>       data_for_delete_function(self.browser)\n\ntest_conduit_vizsgaremek/test_conduit.py:267: \n_ _ _ _ _ _ _ _ _ _ _ _ _ _ _ _ _ _ _ _ _ _ _ _ _ _ _ _ _ _ _ _ _ _ _ _ _ _ _ _ \ntest_conduit_vizsgaremek/functions.py:35: in data_for_delete_function\n    menu_new_article_link = WebDriverWait(browser, 5).until(\n_ _ _ _ _ _ _ _ _ _ _ _ _ _ _ _ _ _ _ _ _ _ _ _ _ _ _ _ _ _ _ _ _ _ _ _ _ _ _ _ \n\nself = <selenium.webdriver.support.wait.WebDriverWait (session=\"a27696794a43abccc5e144d73b8288c5\")>\nmethod = <function presence_of_element_located.<locals>._predicate at 0x7f5d22b5a830>\nmessage = ''\n\n    def until(self, method, message: str = \"\"):\n        \"\"\"Calls the method provided with the driver as an argument until the \\\n        return value does not evaluate to ``False``.\n    \n        :param method: callable(WebDriver)\n        :param message: optional message for :exc:`TimeoutException`\n        :returns: the result of the last call to `method`\n        :raises: :exc:`selenium.common.exceptions.TimeoutException` if timeout occurs\n        \"\"\"\n        screen = None\n        stacktrace = None\n    \n        end_time = time.monotonic() + self._timeout\n        while True:\n            try:\n                value = method(self._driver)\n                if value:\n                    return value\n            except self._ignored_exceptions as exc:\n                screen = getattr(exc, \"screen\", None)\n                stacktrace = getattr(exc, \"stacktrace\", None)\n            time.sleep(self._poll)\n            if time.monotonic() > end_time:\n                break\n>       raise TimeoutException(message, screen, stacktrace)\nE       selenium.common.exceptions.TimeoutException: Message: \nE       Stacktrace:\nE       #0 0x55be8ce07fe3 <unknown>\nE       #1 0x55be8cb46d36 <unknown>\nE       #2 0x55be8cb83c4d <unknown>\nE       #3 0x55be8cb83d61 <unknown>\nE       #4 0x55be8cbbf6a4 <unknown>\nE       #5 0x55be8cba48ed <unknown>\nE       #6 0x55be8cbbd232 <unknown>\nE       #7 0x55be8cba4693 <unknown>\nE       #8 0x55be8cb7703a <unknown>\nE       #9 0x55be8cb7817e <unknown>\nE       #10 0x55be8cdc9dbd <unknown>\nE       #11 0x55be8cdcdc6c <unknown>\nE       #12 0x55be8cdd74b0 <unknown>\nE       #13 0x55be8cdced63 <unknown>\nE       #14 0x55be8cda1c35 <unknown>\nE       #15 0x55be8cdf2138 <unknown>\nE       #16 0x55be8cdf22c7 <unknown>\nE       #17 0x55be8ce00093 <unknown>\nE       #18 0x7f4d8da9eb43 <unknown>\n\n/opt/hostedtoolcache/Python/3.10.11/x64/lib/python3.10/site-packages/selenium/webdriver/support/wait.py:95: TimeoutException","flaky":false,"newFailed":false,"newBroken":false,"newPassed":false,"retriesCount":0,"retriesStatusChange":false,"beforeStages":[{"name":"_xunit_setup_method_fixture_TestConduit","time":{"start":1682279496985,"stop":1682279500013,"duration":3028},"status":"passed","steps":[],"attachments":[],"parameters":[],"stepsCount":0,"attachmentsCount":0,"shouldDisplayMessage":false,"hasContent":false}],"afterStages":[{"name":"_xunit_setup_method_fixture_TestConduit::0","time":{"start":1682279513393,"stop":1682279513448,"duration":55},"status":"passed","steps":[],"attachments":[],"parameters":[],"stepsCount":0,"attachmentsCount":0,"shouldDisplayMessage":false,"hasContent":false}],"labels":[{"name":"parentSuite","value":"test_conduit_vizsgaremek"},{"name":"suite","value":"test_conduit"},{"name":"subSuite","value":"TestConduit"},{"name":"host","value":"fv-az337-224"},{"name":"thread","value":"3080-MainThread"},{"name":"framework","value":"pytest"},{"name":"language","value":"cpython3"},{"name":"package","value":"test_conduit_vizsgaremek.test_conduit"},{"name":"resultFormat","value":"allure2"}],"parameters":[],"links":[],"hidden":false,"retry":false,"extra":{"severity":"normal","retries":[],"categories":[{"name":"Test defects","matchedStatuses":[],"flaky":false}],"tags":[]},"source":"7c79b1b64fe1b85f.json","parameterValues":[]}