{"uid":"ea8f4487eb845657","name":"Meglévő adat módosítás (user profil bio)","fullName":"test_conduit_vizsgaremek.test_conduit.TestConduit#test_modify_data","historyId":"4e786c21203874a276f9d4264e653203","time":{"start":1682279483527,"stop":1682279496918,"duration":13391},"status":"broken","statusMessage":"selenium.common.exceptions.TimeoutException: Message: \nStacktrace:\n#0 0x563bb7eb6fe3 <unknown>\n#1 0x563bb7bf5d36 <unknown>\n#2 0x563bb7c32c4d <unknown>\n#3 0x563bb7c32d61 <unknown>\n#4 0x563bb7c6e6a4 <unknown>\n#5 0x563bb7c538ed <unknown>\n#6 0x563bb7c6c232 <unknown>\n#7 0x563bb7c53693 <unknown>\n#8 0x563bb7c2603a <unknown>\n#9 0x563bb7c2717e <unknown>\n#10 0x563bb7e78dbd <unknown>\n#11 0x563bb7e7cc6c <unknown>\n#12 0x563bb7e864b0 <unknown>\n#13 0x563bb7e7dd63 <unknown>\n#14 0x563bb7e50c35 <unknown>\n#15 0x563bb7ea1138 <unknown>\n#16 0x563bb7ea12c7 <unknown>\n#17 0x563bb7eaf093 <unknown>\n#18 0x7fa796e14b43 <unknown>","statusTrace":"self = <test_conduit.TestConduit object at 0x7f5d23c2b040>\n\n    @allure.title('Meglévő adat módosítás (user profil bio)')\n    def test_modify_data(self):\n        cookie_function(self.browser)\n        login_function(self.browser)\n    \n        # User profil oldalon lévő bio szövegének keresése és mentése\n        url_user_profile = ('http://localhost:1667/#/@' + (user_login[\"username\"]) + '/')\n        self.browser.get(url_user_profile)\n>       menu_settings_link = WebDriverWait(self.browser, 5).until(\n            EC.presence_of_element_located((By.LINK_TEXT, 'Settings')))\n\ntest_conduit_vizsgaremek/test_conduit.py:226: \n_ _ _ _ _ _ _ _ _ _ _ _ _ _ _ _ _ _ _ _ _ _ _ _ _ _ _ _ _ _ _ _ _ _ _ _ _ _ _ _ \n\nself = <selenium.webdriver.support.wait.WebDriverWait (session=\"41f9f17da8c28d84911c613ba1dd97ad\")>\nmethod = <function presence_of_element_located.<locals>._predicate at 0x7f5d22b5a9e0>\nmessage = ''\n\n    def until(self, method, message: str = \"\"):\n        \"\"\"Calls the method provided with the driver as an argument until the \\\n        return value does not evaluate to ``False``.\n    \n        :param method: callable(WebDriver)\n        :param message: optional message for :exc:`TimeoutException`\n        :returns: the result of the last call to `method`\n        :raises: :exc:`selenium.common.exceptions.TimeoutException` if timeout occurs\n        \"\"\"\n        screen = None\n        stacktrace = None\n    \n        end_time = time.monotonic() + self._timeout\n        while True:\n            try:\n                value = method(self._driver)\n                if value:\n                    return value\n            except self._ignored_exceptions as exc:\n                screen = getattr(exc, \"screen\", None)\n                stacktrace = getattr(exc, \"stacktrace\", None)\n            time.sleep(self._poll)\n            if time.monotonic() > end_time:\n                break\n>       raise TimeoutException(message, screen, stacktrace)\nE       selenium.common.exceptions.TimeoutException: Message: \nE       Stacktrace:\nE       #0 0x563bb7eb6fe3 <unknown>\nE       #1 0x563bb7bf5d36 <unknown>\nE       #2 0x563bb7c32c4d <unknown>\nE       #3 0x563bb7c32d61 <unknown>\nE       #4 0x563bb7c6e6a4 <unknown>\nE       #5 0x563bb7c538ed <unknown>\nE       #6 0x563bb7c6c232 <unknown>\nE       #7 0x563bb7c53693 <unknown>\nE       #8 0x563bb7c2603a <unknown>\nE       #9 0x563bb7c2717e <unknown>\nE       #10 0x563bb7e78dbd <unknown>\nE       #11 0x563bb7e7cc6c <unknown>\nE       #12 0x563bb7e864b0 <unknown>\nE       #13 0x563bb7e7dd63 <unknown>\nE       #14 0x563bb7e50c35 <unknown>\nE       #15 0x563bb7ea1138 <unknown>\nE       #16 0x563bb7ea12c7 <unknown>\nE       #17 0x563bb7eaf093 <unknown>\nE       #18 0x7fa796e14b43 <unknown>\n\n/opt/hostedtoolcache/Python/3.10.11/x64/lib/python3.10/site-packages/selenium/webdriver/support/wait.py:95: TimeoutException","flaky":false,"newFailed":false,"newBroken":false,"newPassed":false,"retriesCount":0,"retriesStatusChange":false,"beforeStages":[{"name":"_xunit_setup_method_fixture_TestConduit","time":{"start":1682279480499,"stop":1682279483527,"duration":3028},"status":"passed","steps":[],"attachments":[],"parameters":[],"stepsCount":0,"attachmentsCount":0,"shouldDisplayMessage":false,"hasContent":false}],"afterStages":[{"name":"_xunit_setup_method_fixture_TestConduit::0","time":{"start":1682279496928,"stop":1682279496983,"duration":55},"status":"passed","steps":[],"attachments":[],"parameters":[],"stepsCount":0,"attachmentsCount":0,"shouldDisplayMessage":false,"hasContent":false}],"labels":[{"name":"parentSuite","value":"test_conduit_vizsgaremek"},{"name":"suite","value":"test_conduit"},{"name":"subSuite","value":"TestConduit"},{"name":"host","value":"fv-az337-224"},{"name":"thread","value":"3080-MainThread"},{"name":"framework","value":"pytest"},{"name":"language","value":"cpython3"},{"name":"package","value":"test_conduit_vizsgaremek.test_conduit"},{"name":"resultFormat","value":"allure2"}],"parameters":[],"links":[],"hidden":false,"retry":false,"extra":{"severity":"normal","retries":[],"categories":[{"name":"Test defects","matchedStatuses":[],"flaky":false}],"tags":[]},"source":"ea8f4487eb845657.json","parameterValues":[]}