{"uid":"fe0e74fda37acc29","name":"Új adat bevitel, új cikk","fullName":"test_conduit_vizsgaremek.test_conduit.TestConduit#test_new_data","historyId":"cd12e7984d9e97b54a23333824535114","time":{"start":1682279434304,"stop":1682279468011,"duration":33707},"status":"broken","statusMessage":"selenium.common.exceptions.TimeoutException: Message: \nStacktrace:\n#0 0x55cc91de9fe3 <unknown>\n#1 0x55cc91b28d36 <unknown>\n#2 0x55cc91b65c4d <unknown>\n#3 0x55cc91b65d61 <unknown>\n#4 0x55cc91ba16a4 <unknown>\n#5 0x55cc91b868ed <unknown>\n#6 0x55cc91b9f232 <unknown>\n#7 0x55cc91b86693 <unknown>\n#8 0x55cc91b5903a <unknown>\n#9 0x55cc91b5a17e <unknown>\n#10 0x55cc91dabdbd <unknown>\n#11 0x55cc91dafc6c <unknown>\n#12 0x55cc91db94b0 <unknown>\n#13 0x55cc91db0d63 <unknown>\n#14 0x55cc91d83c35 <unknown>\n#15 0x55cc91dd4138 <unknown>\n#16 0x55cc91dd42c7 <unknown>\n#17 0x55cc91de2093 <unknown>\n#18 0x7f65ab98cb43 <unknown>","statusTrace":"self = <test_conduit.TestConduit object at 0x7f5d23c2ada0>\n\n    @allure.title('Új adat bevitel, új cikk')\n    def test_new_data(self):\n        cookie_function(self.browser)\n        login_function(self.browser)\n    \n        # New article link kattintása\n>       menu_new_article_link = WebDriverWait(self.browser, 25).until(\n            EC.presence_of_element_located((By.XPATH, '//a[@href=\"#/editor\"]')))\n\ntest_conduit_vizsgaremek/test_conduit.py:156: \n_ _ _ _ _ _ _ _ _ _ _ _ _ _ _ _ _ _ _ _ _ _ _ _ _ _ _ _ _ _ _ _ _ _ _ _ _ _ _ _ \n\nself = <selenium.webdriver.support.wait.WebDriverWait (session=\"a212aaf531bbda67a7ff2d121233f831\")>\nmethod = <function presence_of_element_located.<locals>._predicate at 0x7f5d22b58550>\nmessage = ''\n\n    def until(self, method, message: str = \"\"):\n        \"\"\"Calls the method provided with the driver as an argument until the \\\n        return value does not evaluate to ``False``.\n    \n        :param method: callable(WebDriver)\n        :param message: optional message for :exc:`TimeoutException`\n        :returns: the result of the last call to `method`\n        :raises: :exc:`selenium.common.exceptions.TimeoutException` if timeout occurs\n        \"\"\"\n        screen = None\n        stacktrace = None\n    \n        end_time = time.monotonic() + self._timeout\n        while True:\n            try:\n                value = method(self._driver)\n                if value:\n                    return value\n            except self._ignored_exceptions as exc:\n                screen = getattr(exc, \"screen\", None)\n                stacktrace = getattr(exc, \"stacktrace\", None)\n            time.sleep(self._poll)\n            if time.monotonic() > end_time:\n                break\n>       raise TimeoutException(message, screen, stacktrace)\nE       selenium.common.exceptions.TimeoutException: Message: \nE       Stacktrace:\nE       #0 0x55cc91de9fe3 <unknown>\nE       #1 0x55cc91b28d36 <unknown>\nE       #2 0x55cc91b65c4d <unknown>\nE       #3 0x55cc91b65d61 <unknown>\nE       #4 0x55cc91ba16a4 <unknown>\nE       #5 0x55cc91b868ed <unknown>\nE       #6 0x55cc91b9f232 <unknown>\nE       #7 0x55cc91b86693 <unknown>\nE       #8 0x55cc91b5903a <unknown>\nE       #9 0x55cc91b5a17e <unknown>\nE       #10 0x55cc91dabdbd <unknown>\nE       #11 0x55cc91dafc6c <unknown>\nE       #12 0x55cc91db94b0 <unknown>\nE       #13 0x55cc91db0d63 <unknown>\nE       #14 0x55cc91d83c35 <unknown>\nE       #15 0x55cc91dd4138 <unknown>\nE       #16 0x55cc91dd42c7 <unknown>\nE       #17 0x55cc91de2093 <unknown>\nE       #18 0x7f65ab98cb43 <unknown>\n\n/opt/hostedtoolcache/Python/3.10.11/x64/lib/python3.10/site-packages/selenium/webdriver/support/wait.py:95: TimeoutException","flaky":false,"newFailed":false,"newBroken":false,"newPassed":false,"retriesCount":0,"retriesStatusChange":false,"beforeStages":[{"name":"_xunit_setup_method_fixture_TestConduit","time":{"start":1682279431249,"stop":1682279434303,"duration":3054},"status":"passed","steps":[],"attachments":[],"parameters":[],"stepsCount":0,"attachmentsCount":0,"shouldDisplayMessage":false,"hasContent":false}],"afterStages":[{"name":"_xunit_setup_method_fixture_TestConduit::0","time":{"start":1682279468020,"stop":1682279468076,"duration":56},"status":"passed","steps":[],"attachments":[],"parameters":[],"stepsCount":0,"attachmentsCount":0,"shouldDisplayMessage":false,"hasContent":false}],"labels":[{"name":"parentSuite","value":"test_conduit_vizsgaremek"},{"name":"suite","value":"test_conduit"},{"name":"subSuite","value":"TestConduit"},{"name":"host","value":"fv-az337-224"},{"name":"thread","value":"3080-MainThread"},{"name":"framework","value":"pytest"},{"name":"language","value":"cpython3"},{"name":"package","value":"test_conduit_vizsgaremek.test_conduit"},{"name":"resultFormat","value":"allure2"}],"parameters":[],"links":[],"hidden":false,"retry":false,"extra":{"severity":"normal","retries":[],"categories":[{"name":"Test defects","matchedStatuses":[],"flaky":false}],"tags":[]},"source":"fe0e74fda37acc29.json","parameterValues":[]}